The system is: Linux - 3.11.10-100.fc18.x86_64 - x86_64
Compiling the C compiler identification source file "CMakeCCompilerId.c" succeeded.
Compiler: /home/21303468/.linuxbrew/bin/cc 
Build flags: 
Id flags: 

The output was:
0


Compilation of the C compiler identification source "CMakeCCompilerId.c" produced "a.out"

The C compiler identification is GNU, found in "/home/21303468/workspace/analyseEspaceRayons/exe/CMakeFiles/3.7.2/CompilerIdC/a.out"

Compiling the CXX compiler identification source file "CMakeCXXCompilerId.cpp" succeeded.
Compiler: /home/21303468/.linuxbrew/bin/c++ 
Build flags: 
Id flags: 

The output was:
0


Compilation of the CXX compiler identification source "CMakeCXXCompilerId.cpp" produced "a.out"

The CXX compiler identification is GNU, found in "/home/21303468/workspace/analyseEspaceRayons/exe/CMakeFiles/3.7.2/CompilerIdCXX/a.out"

Determining if the C compiler works passed with the following output:
Change Dir: /home/21303468/workspace/analyseEspaceRayons/exe/CMakeFiles/CMakeTmp

Run Build Command:"/usr/bin/gmake" "cmTC_7ffe3/fast"
/usr/bin/gmake -f CMakeFiles/cmTC_7ffe3.dir/build.make CMakeFiles/cmTC_7ffe3.dir/build
gmake[1] : on entre dans le répertoire « /home/21303468/workspace/analyseEspaceRayons/exe/CMakeFiles/CMakeTmp »
Building C object CMakeFiles/cmTC_7ffe3.dir/testCCompiler.c.o
/home/21303468/.linuxbrew/bin/cc     -o CMakeFiles/cmTC_7ffe3.dir/testCCompiler.c.o   -c /home/21303468/workspace/analyseEspaceRayons/exe/CMakeFiles/CMakeTmp/testCCompiler.c
Linking C executable cmTC_7ffe3
/home/21303468/.linuxbrew/Cellar/cmake/3.7.2/bin/cmake -E cmake_link_script CMakeFiles/cmTC_7ffe3.dir/link.txt --verbose=1
/home/21303468/.linuxbrew/bin/cc       CMakeFiles/cmTC_7ffe3.dir/testCCompiler.c.o  -o cmTC_7ffe3 -rdynamic 
gmake[1] : on quitte le répertoire « /home/21303468/workspace/analyseEspaceRayons/exe/CMakeFiles/CMakeTmp »


Detecting C compiler ABI info compiled with the following output:
Change Dir: /home/21303468/workspace/analyseEspaceRayons/exe/CMakeFiles/CMakeTmp

Run Build Command:"/usr/bin/gmake" "cmTC_5e634/fast"
/usr/bin/gmake -f CMakeFiles/cmTC_5e634.dir/build.make CMakeFiles/cmTC_5e634.dir/build
gmake[1] : on entre dans le répertoire « /home/21303468/workspace/analyseEspaceRayons/exe/CMakeFiles/CMakeTmp »
Building C object CMakeFiles/cmTC_5e634.dir/CMakeCCompilerABI.c.o
/home/21303468/.linuxbrew/bin/cc     -o CMakeFiles/cmTC_5e634.dir/CMakeCCompilerABI.c.o   -c /home/21303468/.linuxbrew/Cellar/cmake/3.7.2/share/cmake/Modules/CMakeCCompilerABI.c
Linking C executable cmTC_5e634
/home/21303468/.linuxbrew/Cellar/cmake/3.7.2/bin/cmake -E cmake_link_script CMakeFiles/cmTC_5e634.dir/link.txt --verbose=1
/home/21303468/.linuxbrew/bin/cc      -v CMakeFiles/cmTC_5e634.dir/CMakeCCompilerABI.c.o  -o cmTC_5e634 -rdynamic  
Reading specs from /home/21303468/.linuxbrew/Cellar/gcc/5.3.0/bin/../lib/gcc/x86_64-unknown-linux-gnu/5.3.0/specs
COLLECT_GCC=/home/21303468/.linuxbrew/bin/cc
COLLECT_LTO_WRAPPER=/home/21303468/.linuxbrew/Cellar/gcc/5.3.0/bin/../libexec/gcc/x86_64-unknown-linux-gnu/5.3.0/lto-wrapper
Target: x86_64-unknown-linux-gnu
Configured with: ../configure --prefix=/home/linuxbrew/.linuxbrew/Cellar/gcc/5.3.0  --enable-languages=c,c++,objc,obj-c++,fortran --program-suffix=-5 --with-gmp=/home/linuxbrew/.linuxbrew/opt/gmp --with-mpfr=/home/linuxbrew/.linuxbrew/opt/mpfr --with-mpc=/home/linuxbrew/.linuxbrew/opt/libmpc --with-isl=/home/linuxbrew/.linuxbrew/opt/isl --with-system-zlib --enable-libstdcxx-time=yes --enable-stage1-checking --enable-checking=release --enable-lto --with-build-config=bootstrap-debug --disable-werror --with-pkgversion='Homebrew gcc 5.3.0' --with-bugurl=https://github.com/Homebrew/homebrew/issues --enable-plugin --disable-nls --disable-multilib
Thread model: posix
gcc version 5.3.0 (Homebrew gcc 5.3.0) 
COMPILER_PATH=/home/21303468/.linuxbrew/Cellar/gcc/5.3.0/bin/../libexec/gcc/x86_64-unknown-linux-gnu/5.3.0/:/home/21303468/.linuxbrew/Cellar/gcc/5.3.0/bin/../libexec/gcc/
LIBRARY_PATH=/home/21303468/.linuxbrew/Cellar/gcc/5.3.0/bin/../lib/gcc/x86_64-unknown-linux-gnu/5.3.0/:/home/21303468/.linuxbrew/Cellar/gcc/5.3.0/bin/../lib/gcc/:/home/21303468/.linuxbrew/Cellar/gcc/5.3.0/bin/../lib/gcc/x86_64-unknown-linux-gnu/5.3.0/../../../../lib64/:/lib/../lib64/:/usr/lib/../lib64/:/home/21303468/.linuxbrew/Cellar/gcc/5.3.0/bin/../lib/gcc/x86_64-unknown-linux-gnu/5.3.0/../../../:/lib/:/usr/lib/
COLLECT_GCC_OPTIONS='-v' '-o' 'cmTC_5e634' '-rdynamic' '-mtune=generic' '-march=x86-64'
 /home/21303468/.linuxbrew/Cellar/gcc/5.3.0/bin/../libexec/gcc/x86_64-unknown-linux-gnu/5.3.0/collect2 -plugin /home/21303468/.linuxbrew/Cellar/gcc/5.3.0/bin/../libexec/gcc/x86_64-unknown-linux-gnu/5.3.0/liblto_plugin.so -plugin-opt=/home/21303468/.linuxbrew/Cellar/gcc/5.3.0/bin/../libexec/gcc/x86_64-unknown-linux-gnu/5.3.0/lto-wrapper -plugin-opt=-fresolution=/tmp/ccchWeyU.res -plugin-opt=-pass-through=-lgcc -plugin-opt=-pass-through=-lgcc_s -plugin-opt=-pass-through=-lc -plugin-opt=-pass-through=-lgcc -plugin-opt=-pass-through=-lgcc_s --eh-frame-hdr -m elf_x86_64 -export-dynamic -dynamic-linker /lib64/ld-linux-x86-64.so.2 --dynamic-linker /home/21303468/.linuxbrew/lib/ld.so -rpath /home/21303468/.linuxbrew/lib -o cmTC_5e634 /lib/../lib64/crt1.o /lib/../lib64/crti.o /home/21303468/.linuxbrew/Cellar/gcc/5.3.0/bin/../lib/gcc/x86_64-unknown-linux-gnu/5.3.0/crtbegin.o -nostdlib -L/home/21303468/.linuxbrew/Cellar/gcc/5.3.0/lib/gcc/x86_64-unknown-linux-gnu/5.3.0 -L/home/21303468/.linuxbrew/lib CMakeFiles/cmTC_5e634.dir/CMakeCCompilerABI.c.o -lgcc --as-needed -lgcc_s --no-as-needed -lc -lgcc --as-needed -lgcc_s --no-as-needed /home/21303468/.linuxbrew/Cellar/gcc/5.3.0/bin/../lib/gcc/x86_64-unknown-linux-gnu/5.3.0/crtend.o /lib/../lib64/crtn.o
gmake[1] : on quitte le répertoire « /home/21303468/workspace/analyseEspaceRayons/exe/CMakeFiles/CMakeTmp »


Parsed C implicit link information from above output:
  link line regex: [^( *|.*[/\])(ld|([^/\]+-)?ld|collect2)[^/\]*( |$)]
  ignore line: [Change Dir: /home/21303468/workspace/analyseEspaceRayons/exe/CMakeFiles/CMakeTmp]
  ignore line: []
  ignore line: [Run Build Command:"/usr/bin/gmake" "cmTC_5e634/fast"]
  ignore line: [/usr/bin/gmake -f CMakeFiles/cmTC_5e634.dir/build.make CMakeFiles/cmTC_5e634.dir/build]
  ignore line: [gmake[1] : on entre dans le répertoire « /home/21303468/workspace/analyseEspaceRayons/exe/CMakeFiles/CMakeTmp »]
  ignore line: [Building C object CMakeFiles/cmTC_5e634.dir/CMakeCCompilerABI.c.o]
  ignore line: [/home/21303468/.linuxbrew/bin/cc     -o CMakeFiles/cmTC_5e634.dir/CMakeCCompilerABI.c.o   -c /home/21303468/.linuxbrew/Cellar/cmake/3.7.2/share/cmake/Modules/CMakeCCompilerABI.c]
  ignore line: [Linking C executable cmTC_5e634]
  ignore line: [/home/21303468/.linuxbrew/Cellar/cmake/3.7.2/bin/cmake -E cmake_link_script CMakeFiles/cmTC_5e634.dir/link.txt --verbose=1]
  ignore line: [/home/21303468/.linuxbrew/bin/cc      -v CMakeFiles/cmTC_5e634.dir/CMakeCCompilerABI.c.o  -o cmTC_5e634 -rdynamic  ]
  ignore line: [Reading specs from /home/21303468/.linuxbrew/Cellar/gcc/5.3.0/bin/../lib/gcc/x86_64-unknown-linux-gnu/5.3.0/specs]
  ignore line: [COLLECT_GCC=/home/21303468/.linuxbrew/bin/cc]
  ignore line: [COLLECT_LTO_WRAPPER=/home/21303468/.linuxbrew/Cellar/gcc/5.3.0/bin/../libexec/gcc/x86_64-unknown-linux-gnu/5.3.0/lto-wrapper]
  ignore line: [Target: x86_64-unknown-linux-gnu]
  ignore line: [Configured with: ../configure --prefix=/home/linuxbrew/.linuxbrew/Cellar/gcc/5.3.0  --enable-languages=c,c++,objc,obj-c++,fortran --program-suffix=-5 --with-gmp=/home/linuxbrew/.linuxbrew/opt/gmp --with-mpfr=/home/linuxbrew/.linuxbrew/opt/mpfr --with-mpc=/home/linuxbrew/.linuxbrew/opt/libmpc --with-isl=/home/linuxbrew/.linuxbrew/opt/isl --with-system-zlib --enable-libstdcxx-time=yes --enable-stage1-checking --enable-checking=release --enable-lto --with-build-config=bootstrap-debug --disable-werror --with-pkgversion='Homebrew gcc 5.3.0' --with-bugurl=https://github.com/Homebrew/homebrew/issues --enable-plugin --disable-nls --disable-multilib]
  ignore line: [Thread model: posix]
  ignore line: [gcc version 5.3.0 (Homebrew gcc 5.3.0) ]
  ignore line: [COMPILER_PATH=/home/21303468/.linuxbrew/Cellar/gcc/5.3.0/bin/../libexec/gcc/x86_64-unknown-linux-gnu/5.3.0/:/home/21303468/.linuxbrew/Cellar/gcc/5.3.0/bin/../libexec/gcc/]
  ignore line: [LIBRARY_PATH=/home/21303468/.linuxbrew/Cellar/gcc/5.3.0/bin/../lib/gcc/x86_64-unknown-linux-gnu/5.3.0/:/home/21303468/.linuxbrew/Cellar/gcc/5.3.0/bin/../lib/gcc/:/home/21303468/.linuxbrew/Cellar/gcc/5.3.0/bin/../lib/gcc/x86_64-unknown-linux-gnu/5.3.0/../../../../lib64/:/lib/../lib64/:/usr/lib/../lib64/:/home/21303468/.linuxbrew/Cellar/gcc/5.3.0/bin/../lib/gcc/x86_64-unknown-linux-gnu/5.3.0/../../../:/lib/:/usr/lib/]
  ignore line: [COLLECT_GCC_OPTIONS='-v' '-o' 'cmTC_5e634' '-rdynamic' '-mtune=generic' '-march=x86-64']
  link line: [ /home/21303468/.linuxbrew/Cellar/gcc/5.3.0/bin/../libexec/gcc/x86_64-unknown-linux-gnu/5.3.0/collect2 -plugin /home/21303468/.linuxbrew/Cellar/gcc/5.3.0/bin/../libexec/gcc/x86_64-unknown-linux-gnu/5.3.0/liblto_plugin.so -plugin-opt=/home/21303468/.linuxbrew/Cellar/gcc/5.3.0/bin/../libexec/gcc/x86_64-unknown-linux-gnu/5.3.0/lto-wrapper -plugin-opt=-fresolution=/tmp/ccchWeyU.res -plugin-opt=-pass-through=-lgcc -plugin-opt=-pass-through=-lgcc_s -plugin-opt=-pass-through=-lc -plugin-opt=-pass-through=-lgcc -plugin-opt=-pass-through=-lgcc_s --eh-frame-hdr -m elf_x86_64 -export-dynamic -dynamic-linker /lib64/ld-linux-x86-64.so.2 --dynamic-linker /home/21303468/.linuxbrew/lib/ld.so -rpath /home/21303468/.linuxbrew/lib -o cmTC_5e634 /lib/../lib64/crt1.o /lib/../lib64/crti.o /home/21303468/.linuxbrew/Cellar/gcc/5.3.0/bin/../lib/gcc/x86_64-unknown-linux-gnu/5.3.0/crtbegin.o -nostdlib -L/home/21303468/.linuxbrew/Cellar/gcc/5.3.0/lib/gcc/x86_64-unknown-linux-gnu/5.3.0 -L/home/21303468/.linuxbrew/lib CMakeFiles/cmTC_5e634.dir/CMakeCCompilerABI.c.o -lgcc --as-needed -lgcc_s --no-as-needed -lc -lgcc --as-needed -lgcc_s --no-as-needed /home/21303468/.linuxbrew/Cellar/gcc/5.3.0/bin/../lib/gcc/x86_64-unknown-linux-gnu/5.3.0/crtend.o /lib/../lib64/crtn.o]
    arg [/home/21303468/.linuxbrew/Cellar/gcc/5.3.0/bin/../libexec/gcc/x86_64-unknown-linux-gnu/5.3.0/collect2] ==> ignore
    arg [-plugin] ==> ignore
    arg [/home/21303468/.linuxbrew/Cellar/gcc/5.3.0/bin/../libexec/gcc/x86_64-unknown-linux-gnu/5.3.0/liblto_plugin.so] ==> ignore
    arg [-plugin-opt=/home/21303468/.linuxbrew/Cellar/gcc/5.3.0/bin/../libexec/gcc/x86_64-unknown-linux-gnu/5.3.0/lto-wrapper] ==> ignore
    arg [-plugin-opt=-fresolution=/tmp/ccchWeyU.res] ==> ignore
    arg [-plugin-opt=-pass-through=-lgcc] ==> ignore
    arg [-plugin-opt=-pass-through=-lgcc_s] ==> ignore
    arg [-plugin-opt=-pass-through=-lc] ==> ignore
    arg [-plugin-opt=-pass-through=-lgcc] ==> ignore
    arg [-plugin-opt=-pass-through=-lgcc_s] ==> ignore
    arg [--eh-frame-hdr] ==> ignore
    arg [-m] ==> ignore
    arg [elf_x86_64] ==> ignore
    arg [-export-dynamic] ==> ignore
    arg [-dynamic-linker] ==> ignore
    arg [/lib64/ld-linux-x86-64.so.2] ==> ignore
    arg [--dynamic-linker] ==> ignore
    arg [/home/21303468/.linuxbrew/lib/ld.so] ==> ignore
    arg [-rpath] ==> ignore
    arg [/home/21303468/.linuxbrew/lib] ==> ignore
    arg [-o] ==> ignore
    arg [cmTC_5e634] ==> ignore
    arg [/lib/../lib64/crt1.o] ==> ignore
    arg [/lib/../lib64/crti.o] ==> ignore
    arg [/home/21303468/.linuxbrew/Cellar/gcc/5.3.0/bin/../lib/gcc/x86_64-unknown-linux-gnu/5.3.0/crtbegin.o] ==> ignore
    arg [-nostdlib] ==> ignore
    arg [-L/home/21303468/.linuxbrew/Cellar/gcc/5.3.0/lib/gcc/x86_64-unknown-linux-gnu/5.3.0] ==> dir [/home/21303468/.linuxbrew/Cellar/gcc/5.3.0/lib/gcc/x86_64-unknown-linux-gnu/5.3.0]
    arg [-L/home/21303468/.linuxbrew/lib] ==> dir [/home/21303468/.linuxbrew/lib]
    arg [CMakeFiles/cmTC_5e634.dir/CMakeCCompilerABI.c.o] ==> ignore
    arg [-lgcc] ==> lib [gcc]
    arg [--as-needed] ==> ignore
    arg [-lgcc_s] ==> lib [gcc_s]
    arg [--no-as-needed] ==> ignore
    arg [-lc] ==> lib [c]
    arg [-lgcc] ==> lib [gcc]
    arg [--as-needed] ==> ignore
    arg [-lgcc_s] ==> lib [gcc_s]
    arg [--no-as-needed] ==> ignore
    arg [/home/21303468/.linuxbrew/Cellar/gcc/5.3.0/bin/../lib/gcc/x86_64-unknown-linux-gnu/5.3.0/crtend.o] ==> ignore
    arg [/lib/../lib64/crtn.o] ==> ignore
  remove lib [gcc]
  remove lib [gcc_s]
  remove lib [gcc]
  remove lib [gcc_s]
  collapse library dir [/home/21303468/.linuxbrew/Cellar/gcc/5.3.0/lib/gcc/x86_64-unknown-linux-gnu/5.3.0] ==> [/home/21303468/.linuxbrew/Cellar/gcc/5.3.0/lib/gcc/x86_64-unknown-linux-gnu/5.3.0]
  collapse library dir [/home/21303468/.linuxbrew/lib] ==> [/home/21303468/.linuxbrew/lib]
  implicit libs: [c]
  implicit dirs: [/home/21303468/.linuxbrew/Cellar/gcc/5.3.0/lib/gcc/x86_64-unknown-linux-gnu/5.3.0;/home/21303468/.linuxbrew/lib]
  implicit fwks: []




Detecting C [-std=c11] compiler features compiled with the following output:
Change Dir: /home/21303468/workspace/analyseEspaceRayons/exe/CMakeFiles/CMakeTmp

Run Build Command:"/usr/bin/gmake" "cmTC_d9b54/fast"
/usr/bin/gmake -f CMakeFiles/cmTC_d9b54.dir/build.make CMakeFiles/cmTC_d9b54.dir/build
gmake[1] : on entre dans le répertoire « /home/21303468/workspace/analyseEspaceRayons/exe/CMakeFiles/CMakeTmp »
Building C object CMakeFiles/cmTC_d9b54.dir/feature_tests.c.o
/home/21303468/.linuxbrew/bin/cc    -std=c11 -o CMakeFiles/cmTC_d9b54.dir/feature_tests.c.o   -c /home/21303468/workspace/analyseEspaceRayons/exe/CMakeFiles/feature_tests.c
Linking C executable cmTC_d9b54
/home/21303468/.linuxbrew/Cellar/cmake/3.7.2/bin/cmake -E cmake_link_script CMakeFiles/cmTC_d9b54.dir/link.txt --verbose=1
/home/21303468/.linuxbrew/bin/cc       CMakeFiles/cmTC_d9b54.dir/feature_tests.c.o  -o cmTC_d9b54 -rdynamic 
gmake[1] : on quitte le répertoire « /home/21303468/workspace/analyseEspaceRayons/exe/CMakeFiles/CMakeTmp »


    Feature record: C_FEATURE:1c_function_prototypes
    Feature record: C_FEATURE:1c_restrict
    Feature record: C_FEATURE:1c_static_assert
    Feature record: C_FEATURE:1c_variadic_macros


Detecting C [-std=c99] compiler features compiled with the following output:
Change Dir: /home/21303468/workspace/analyseEspaceRayons/exe/CMakeFiles/CMakeTmp

Run Build Command:"/usr/bin/gmake" "cmTC_dd4ed/fast"
/usr/bin/gmake -f CMakeFiles/cmTC_dd4ed.dir/build.make CMakeFiles/cmTC_dd4ed.dir/build
gmake[1] : on entre dans le répertoire « /home/21303468/workspace/analyseEspaceRayons/exe/CMakeFiles/CMakeTmp »
Building C object CMakeFiles/cmTC_dd4ed.dir/feature_tests.c.o
/home/21303468/.linuxbrew/bin/cc    -std=c99 -o CMakeFiles/cmTC_dd4ed.dir/feature_tests.c.o   -c /home/21303468/workspace/analyseEspaceRayons/exe/CMakeFiles/feature_tests.c
Linking C executable cmTC_dd4ed
/home/21303468/.linuxbrew/Cellar/cmake/3.7.2/bin/cmake -E cmake_link_script CMakeFiles/cmTC_dd4ed.dir/link.txt --verbose=1
/home/21303468/.linuxbrew/bin/cc       CMakeFiles/cmTC_dd4ed.dir/feature_tests.c.o  -o cmTC_dd4ed -rdynamic 
gmake[1] : on quitte le répertoire « /home/21303468/workspace/analyseEspaceRayons/exe/CMakeFiles/CMakeTmp »


    Feature record: C_FEATURE:1c_function_prototypes
    Feature record: C_FEATURE:1c_restrict
    Feature record: C_FEATURE:0c_static_assert
    Feature record: C_FEATURE:1c_variadic_macros


Detecting C [-std=c90] compiler features compiled with the following output:
Change Dir: /home/21303468/workspace/analyseEspaceRayons/exe/CMakeFiles/CMakeTmp

Run Build Command:"/usr/bin/gmake" "cmTC_a7657/fast"
/usr/bin/gmake -f CMakeFiles/cmTC_a7657.dir/build.make CMakeFiles/cmTC_a7657.dir/build
gmake[1] : on entre dans le répertoire « /home/21303468/workspace/analyseEspaceRayons/exe/CMakeFiles/CMakeTmp »
Building C object CMakeFiles/cmTC_a7657.dir/feature_tests.c.o
/home/21303468/.linuxbrew/bin/cc    -std=c90 -o CMakeFiles/cmTC_a7657.dir/feature_tests.c.o   -c /home/21303468/workspace/analyseEspaceRayons/exe/CMakeFiles/feature_tests.c
Linking C executable cmTC_a7657
/home/21303468/.linuxbrew/Cellar/cmake/3.7.2/bin/cmake -E cmake_link_script CMakeFiles/cmTC_a7657.dir/link.txt --verbose=1
/home/21303468/.linuxbrew/bin/cc       CMakeFiles/cmTC_a7657.dir/feature_tests.c.o  -o cmTC_a7657 -rdynamic 
gmake[1] : on quitte le répertoire « /home/21303468/workspace/analyseEspaceRayons/exe/CMakeFiles/CMakeTmp »


    Feature record: C_FEATURE:1c_function_prototypes
    Feature record: C_FEATURE:0c_restrict
    Feature record: C_FEATURE:0c_static_assert
    Feature record: C_FEATURE:0c_variadic_macros
Determining if the CXX compiler works passed with the following output:
Change Dir: /home/21303468/workspace/analyseEspaceRayons/exe/CMakeFiles/CMakeTmp

Run Build Command:"/usr/bin/gmake" "cmTC_8565f/fast"
/usr/bin/gmake -f CMakeFiles/cmTC_8565f.dir/build.make CMakeFiles/cmTC_8565f.dir/build
gmake[1] : on entre dans le répertoire « /home/21303468/workspace/analyseEspaceRayons/exe/CMakeFiles/CMakeTmp »
Building CXX object CMakeFiles/cmTC_8565f.dir/testCXXCompiler.cxx.o
/home/21303468/.linuxbrew/bin/c++      -o CMakeFiles/cmTC_8565f.dir/testCXXCompiler.cxx.o -c /home/21303468/workspace/analyseEspaceRayons/exe/CMakeFiles/CMakeTmp/testCXXCompiler.cxx
Linking CXX executable cmTC_8565f
/home/21303468/.linuxbrew/Cellar/cmake/3.7.2/bin/cmake -E cmake_link_script CMakeFiles/cmTC_8565f.dir/link.txt --verbose=1
/home/21303468/.linuxbrew/bin/c++        CMakeFiles/cmTC_8565f.dir/testCXXCompiler.cxx.o  -o cmTC_8565f -rdynamic 
gmake[1] : on quitte le répertoire « /home/21303468/workspace/analyseEspaceRayons/exe/CMakeFiles/CMakeTmp »


Detecting CXX compiler ABI info compiled with the following output:
Change Dir: /home/21303468/workspace/analyseEspaceRayons/exe/CMakeFiles/CMakeTmp

Run Build Command:"/usr/bin/gmake" "cmTC_cc638/fast"
/usr/bin/gmake -f CMakeFiles/cmTC_cc638.dir/build.make CMakeFiles/cmTC_cc638.dir/build
gmake[1] : on entre dans le répertoire « /home/21303468/workspace/analyseEspaceRayons/exe/CMakeFiles/CMakeTmp »
Building CXX object CMakeFiles/cmTC_cc638.dir/CMakeCXXCompilerABI.cpp.o
/home/21303468/.linuxbrew/bin/c++      -o CMakeFiles/cmTC_cc638.dir/CMakeCXXCompilerABI.cpp.o -c /home/21303468/.linuxbrew/Cellar/cmake/3.7.2/share/cmake/Modules/CMakeCXXCompilerABI.cpp
Linking CXX executable cmTC_cc638
/home/21303468/.linuxbrew/Cellar/cmake/3.7.2/bin/cmake -E cmake_link_script CMakeFiles/cmTC_cc638.dir/link.txt --verbose=1
/home/21303468/.linuxbrew/bin/c++       -v CMakeFiles/cmTC_cc638.dir/CMakeCXXCompilerABI.cpp.o  -o cmTC_cc638 -rdynamic  
Reading specs from /home/21303468/.linuxbrew/Cellar/gcc/5.3.0/bin/../lib/gcc/x86_64-unknown-linux-gnu/5.3.0/specs
COLLECT_GCC=/home/21303468/.linuxbrew/bin/c++
COLLECT_LTO_WRAPPER=/home/21303468/.linuxbrew/Cellar/gcc/5.3.0/bin/../libexec/gcc/x86_64-unknown-linux-gnu/5.3.0/lto-wrapper
Target: x86_64-unknown-linux-gnu
Configured with: ../configure --prefix=/home/linuxbrew/.linuxbrew/Cellar/gcc/5.3.0  --enable-languages=c,c++,objc,obj-c++,fortran --program-suffix=-5 --with-gmp=/home/linuxbrew/.linuxbrew/opt/gmp --with-mpfr=/home/linuxbrew/.linuxbrew/opt/mpfr --with-mpc=/home/linuxbrew/.linuxbrew/opt/libmpc --with-isl=/home/linuxbrew/.linuxbrew/opt/isl --with-system-zlib --enable-libstdcxx-time=yes --enable-stage1-checking --enable-checking=release --enable-lto --with-build-config=bootstrap-debug --disable-werror --with-pkgversion='Homebrew gcc 5.3.0' --with-bugurl=https://github.com/Homebrew/homebrew/issues --enable-plugin --disable-nls --disable-multilib
Thread model: posix
gcc version 5.3.0 (Homebrew gcc 5.3.0) 
COMPILER_PATH=/home/21303468/.linuxbrew/Cellar/gcc/5.3.0/bin/../libexec/gcc/x86_64-unknown-linux-gnu/5.3.0/:/home/21303468/.linuxbrew/Cellar/gcc/5.3.0/bin/../libexec/gcc/
LIBRARY_PATH=/home/21303468/.linuxbrew/Cellar/gcc/5.3.0/bin/../lib/gcc/x86_64-unknown-linux-gnu/5.3.0/:/home/21303468/.linuxbrew/Cellar/gcc/5.3.0/bin/../lib/gcc/:/home/21303468/.linuxbrew/Cellar/gcc/5.3.0/bin/../lib/gcc/x86_64-unknown-linux-gnu/5.3.0/../../../../lib64/:/lib/../lib64/:/usr/lib/../lib64/:/home/21303468/.linuxbrew/Cellar/gcc/5.3.0/bin/../lib/gcc/x86_64-unknown-linux-gnu/5.3.0/../../../:/lib/:/usr/lib/
COLLECT_GCC_OPTIONS='-v' '-o' 'cmTC_cc638' '-rdynamic' '-shared-libgcc' '-mtune=generic' '-march=x86-64'
 /home/21303468/.linuxbrew/Cellar/gcc/5.3.0/bin/../libexec/gcc/x86_64-unknown-linux-gnu/5.3.0/collect2 -plugin /home/21303468/.linuxbrew/Cellar/gcc/5.3.0/bin/../libexec/gcc/x86_64-unknown-linux-gnu/5.3.0/liblto_plugin.so -plugin-opt=/home/21303468/.linuxbrew/Cellar/gcc/5.3.0/bin/../libexec/gcc/x86_64-unknown-linux-gnu/5.3.0/lto-wrapper -plugin-opt=-fresolution=/tmp/ccdWsomj.res -plugin-opt=-pass-through=-lgcc_s -plugin-opt=-pass-through=-lgcc -plugin-opt=-pass-through=-lc -plugin-opt=-pass-through=-lgcc_s -plugin-opt=-pass-through=-lgcc --eh-frame-hdr -m elf_x86_64 -export-dynamic -dynamic-linker /lib64/ld-linux-x86-64.so.2 --dynamic-linker /home/21303468/.linuxbrew/lib/ld.so -rpath /home/21303468/.linuxbrew/lib -o cmTC_cc638 /lib/../lib64/crt1.o /lib/../lib64/crti.o /home/21303468/.linuxbrew/Cellar/gcc/5.3.0/bin/../lib/gcc/x86_64-unknown-linux-gnu/5.3.0/crtbegin.o -nostdlib -L/home/21303468/.linuxbrew/Cellar/gcc/5.3.0/lib/gcc/x86_64-unknown-linux-gnu/5.3.0 -L/home/21303468/.linuxbrew/lib CMakeFiles/cmTC_cc638.dir/CMakeCXXCompilerABI.cpp.o -lstdc++ -lm -lgcc_s -lgcc -lc -lgcc_s -lgcc /home/21303468/.linuxbrew/Cellar/gcc/5.3.0/bin/../lib/gcc/x86_64-unknown-linux-gnu/5.3.0/crtend.o /lib/../lib64/crtn.o
gmake[1] : on quitte le répertoire « /home/21303468/workspace/analyseEspaceRayons/exe/CMakeFiles/CMakeTmp »


Parsed CXX implicit link information from above output:
  link line regex: [^( *|.*[/\])(ld|([^/\]+-)?ld|collect2)[^/\]*( |$)]
  ignore line: [Change Dir: /home/21303468/workspace/analyseEspaceRayons/exe/CMakeFiles/CMakeTmp]
  ignore line: []
  ignore line: [Run Build Command:"/usr/bin/gmake" "cmTC_cc638/fast"]
  ignore line: [/usr/bin/gmake -f CMakeFiles/cmTC_cc638.dir/build.make CMakeFiles/cmTC_cc638.dir/build]
  ignore line: [gmake[1] : on entre dans le répertoire « /home/21303468/workspace/analyseEspaceRayons/exe/CMakeFiles/CMakeTmp »]
  ignore line: [Building CXX object CMakeFiles/cmTC_cc638.dir/CMakeCXXCompilerABI.cpp.o]
  ignore line: [/home/21303468/.linuxbrew/bin/c++      -o CMakeFiles/cmTC_cc638.dir/CMakeCXXCompilerABI.cpp.o -c /home/21303468/.linuxbrew/Cellar/cmake/3.7.2/share/cmake/Modules/CMakeCXXCompilerABI.cpp]
  ignore line: [Linking CXX executable cmTC_cc638]
  ignore line: [/home/21303468/.linuxbrew/Cellar/cmake/3.7.2/bin/cmake -E cmake_link_script CMakeFiles/cmTC_cc638.dir/link.txt --verbose=1]
  ignore line: [/home/21303468/.linuxbrew/bin/c++       -v CMakeFiles/cmTC_cc638.dir/CMakeCXXCompilerABI.cpp.o  -o cmTC_cc638 -rdynamic  ]
  ignore line: [Reading specs from /home/21303468/.linuxbrew/Cellar/gcc/5.3.0/bin/../lib/gcc/x86_64-unknown-linux-gnu/5.3.0/specs]
  ignore line: [COLLECT_GCC=/home/21303468/.linuxbrew/bin/c++]
  ignore line: [COLLECT_LTO_WRAPPER=/home/21303468/.linuxbrew/Cellar/gcc/5.3.0/bin/../libexec/gcc/x86_64-unknown-linux-gnu/5.3.0/lto-wrapper]
  ignore line: [Target: x86_64-unknown-linux-gnu]
  ignore line: [Configured with: ../configure --prefix=/home/linuxbrew/.linuxbrew/Cellar/gcc/5.3.0  --enable-languages=c,c++,objc,obj-c++,fortran --program-suffix=-5 --with-gmp=/home/linuxbrew/.linuxbrew/opt/gmp --with-mpfr=/home/linuxbrew/.linuxbrew/opt/mpfr --with-mpc=/home/linuxbrew/.linuxbrew/opt/libmpc --with-isl=/home/linuxbrew/.linuxbrew/opt/isl --with-system-zlib --enable-libstdcxx-time=yes --enable-stage1-checking --enable-checking=release --enable-lto --with-build-config=bootstrap-debug --disable-werror --with-pkgversion='Homebrew gcc 5.3.0' --with-bugurl=https://github.com/Homebrew/homebrew/issues --enable-plugin --disable-nls --disable-multilib]
  ignore line: [Thread model: posix]
  ignore line: [gcc version 5.3.0 (Homebrew gcc 5.3.0) ]
  ignore line: [COMPILER_PATH=/home/21303468/.linuxbrew/Cellar/gcc/5.3.0/bin/../libexec/gcc/x86_64-unknown-linux-gnu/5.3.0/:/home/21303468/.linuxbrew/Cellar/gcc/5.3.0/bin/../libexec/gcc/]
  ignore line: [LIBRARY_PATH=/home/21303468/.linuxbrew/Cellar/gcc/5.3.0/bin/../lib/gcc/x86_64-unknown-linux-gnu/5.3.0/:/home/21303468/.linuxbrew/Cellar/gcc/5.3.0/bin/../lib/gcc/:/home/21303468/.linuxbrew/Cellar/gcc/5.3.0/bin/../lib/gcc/x86_64-unknown-linux-gnu/5.3.0/../../../../lib64/:/lib/../lib64/:/usr/lib/../lib64/:/home/21303468/.linuxbrew/Cellar/gcc/5.3.0/bin/../lib/gcc/x86_64-unknown-linux-gnu/5.3.0/../../../:/lib/:/usr/lib/]
  ignore line: [COLLECT_GCC_OPTIONS='-v' '-o' 'cmTC_cc638' '-rdynamic' '-shared-libgcc' '-mtune=generic' '-march=x86-64']
  link line: [ /home/21303468/.linuxbrew/Cellar/gcc/5.3.0/bin/../libexec/gcc/x86_64-unknown-linux-gnu/5.3.0/collect2 -plugin /home/21303468/.linuxbrew/Cellar/gcc/5.3.0/bin/../libexec/gcc/x86_64-unknown-linux-gnu/5.3.0/liblto_plugin.so -plugin-opt=/home/21303468/.linuxbrew/Cellar/gcc/5.3.0/bin/../libexec/gcc/x86_64-unknown-linux-gnu/5.3.0/lto-wrapper -plugin-opt=-fresolution=/tmp/ccdWsomj.res -plugin-opt=-pass-through=-lgcc_s -plugin-opt=-pass-through=-lgcc -plugin-opt=-pass-through=-lc -plugin-opt=-pass-through=-lgcc_s -plugin-opt=-pass-through=-lgcc --eh-frame-hdr -m elf_x86_64 -export-dynamic -dynamic-linker /lib64/ld-linux-x86-64.so.2 --dynamic-linker /home/21303468/.linuxbrew/lib/ld.so -rpath /home/21303468/.linuxbrew/lib -o cmTC_cc638 /lib/../lib64/crt1.o /lib/../lib64/crti.o /home/21303468/.linuxbrew/Cellar/gcc/5.3.0/bin/../lib/gcc/x86_64-unknown-linux-gnu/5.3.0/crtbegin.o -nostdlib -L/home/21303468/.linuxbrew/Cellar/gcc/5.3.0/lib/gcc/x86_64-unknown-linux-gnu/5.3.0 -L/home/21303468/.linuxbrew/lib CMakeFiles/cmTC_cc638.dir/CMakeCXXCompilerABI.cpp.o -lstdc++ -lm -lgcc_s -lgcc -lc -lgcc_s -lgcc /home/21303468/.linuxbrew/Cellar/gcc/5.3.0/bin/../lib/gcc/x86_64-unknown-linux-gnu/5.3.0/crtend.o /lib/../lib64/crtn.o]
    arg [/home/21303468/.linuxbrew/Cellar/gcc/5.3.0/bin/../libexec/gcc/x86_64-unknown-linux-gnu/5.3.0/collect2] ==> ignore
    arg [-plugin] ==> ignore
    arg [/home/21303468/.linuxbrew/Cellar/gcc/5.3.0/bin/../libexec/gcc/x86_64-unknown-linux-gnu/5.3.0/liblto_plugin.so] ==> ignore
    arg [-plugin-opt=/home/21303468/.linuxbrew/Cellar/gcc/5.3.0/bin/../libexec/gcc/x86_64-unknown-linux-gnu/5.3.0/lto-wrapper] ==> ignore
    arg [-plugin-opt=-fresolution=/tmp/ccdWsomj.res] ==> ignore
    arg [-plugin-opt=-pass-through=-lgcc_s] ==> ignore
    arg [-plugin-opt=-pass-through=-lgcc] ==> ignore
    arg [-plugin-opt=-pass-through=-lc] ==> ignore
    arg [-plugin-opt=-pass-through=-lgcc_s] ==> ignore
    arg [-plugin-opt=-pass-through=-lgcc] ==> ignore
    arg [--eh-frame-hdr] ==> ignore
    arg [-m] ==> ignore
    arg [elf_x86_64] ==> ignore
    arg [-export-dynamic] ==> ignore
    arg [-dynamic-linker] ==> ignore
    arg [/lib64/ld-linux-x86-64.so.2] ==> ignore
    arg [--dynamic-linker] ==> ignore
    arg [/home/21303468/.linuxbrew/lib/ld.so] ==> ignore
    arg [-rpath] ==> ignore
    arg [/home/21303468/.linuxbrew/lib] ==> ignore
    arg [-o] ==> ignore
    arg [cmTC_cc638] ==> ignore
    arg [/lib/../lib64/crt1.o] ==> ignore
    arg [/lib/../lib64/crti.o] ==> ignore
    arg [/home/21303468/.linuxbrew/Cellar/gcc/5.3.0/bin/../lib/gcc/x86_64-unknown-linux-gnu/5.3.0/crtbegin.o] ==> ignore
    arg [-nostdlib] ==> ignore
    arg [-L/home/21303468/.linuxbrew/Cellar/gcc/5.3.0/lib/gcc/x86_64-unknown-linux-gnu/5.3.0] ==> dir [/home/21303468/.linuxbrew/Cellar/gcc/5.3.0/lib/gcc/x86_64-unknown-linux-gnu/5.3.0]
    arg [-L/home/21303468/.linuxbrew/lib] ==> dir [/home/21303468/.linuxbrew/lib]
    arg [CMakeFiles/cmTC_cc638.dir/CMakeCXXCompilerABI.cpp.o] ==> ignore
    arg [-lstdc++] ==> lib [stdc++]
    arg [-lm] ==> lib [m]
    arg [-lgcc_s] ==> lib [gcc_s]
    arg [-lgcc] ==> lib [gcc]
    arg [-lc] ==> lib [c]
    arg [-lgcc_s] ==> lib [gcc_s]
    arg [-lgcc] ==> lib [gcc]
    arg [/home/21303468/.linuxbrew/Cellar/gcc/5.3.0/bin/../lib/gcc/x86_64-unknown-linux-gnu/5.3.0/crtend.o] ==> ignore
    arg [/lib/../lib64/crtn.o] ==> ignore
  remove lib [gcc_s]
  remove lib [gcc]
  remove lib [gcc_s]
  remove lib [gcc]
  collapse library dir [/home/21303468/.linuxbrew/Cellar/gcc/5.3.0/lib/gcc/x86_64-unknown-linux-gnu/5.3.0] ==> [/home/21303468/.linuxbrew/Cellar/gcc/5.3.0/lib/gcc/x86_64-unknown-linux-gnu/5.3.0]
  collapse library dir [/home/21303468/.linuxbrew/lib] ==> [/home/21303468/.linuxbrew/lib]
  implicit libs: [stdc++;m;c]
  implicit dirs: [/home/21303468/.linuxbrew/Cellar/gcc/5.3.0/lib/gcc/x86_64-unknown-linux-gnu/5.3.0;/home/21303468/.linuxbrew/lib]
  implicit fwks: []




Detecting CXX [-std=c++14] compiler features compiled with the following output:
Change Dir: /home/21303468/workspace/analyseEspaceRayons/exe/CMakeFiles/CMakeTmp

Run Build Command:"/usr/bin/gmake" "cmTC_cb1ea/fast"
/usr/bin/gmake -f CMakeFiles/cmTC_cb1ea.dir/build.make CMakeFiles/cmTC_cb1ea.dir/build
gmake[1] : on entre dans le répertoire « /home/21303468/workspace/analyseEspaceRayons/exe/CMakeFiles/CMakeTmp »
Building CXX object CMakeFiles/cmTC_cb1ea.dir/feature_tests.cxx.o
/home/21303468/.linuxbrew/bin/c++     -std=c++14 -o CMakeFiles/cmTC_cb1ea.dir/feature_tests.cxx.o -c /home/21303468/workspace/analyseEspaceRayons/exe/CMakeFiles/feature_tests.cxx
Linking CXX executable cmTC_cb1ea
/home/21303468/.linuxbrew/Cellar/cmake/3.7.2/bin/cmake -E cmake_link_script CMakeFiles/cmTC_cb1ea.dir/link.txt --verbose=1
/home/21303468/.linuxbrew/bin/c++        CMakeFiles/cmTC_cb1ea.dir/feature_tests.cxx.o  -o cmTC_cb1ea -rdynamic 
gmake[1] : on quitte le répertoire « /home/21303468/workspace/analyseEspaceRayons/exe/CMakeFiles/CMakeTmp »


    Feature record: CXX_FEATURE:1cxx_aggregate_default_initializers
    Feature record: CXX_FEATURE:1cxx_alias_templates
    Feature record: CXX_FEATURE:1cxx_alignas
    Feature record: CXX_FEATURE:1cxx_alignof
    Feature record: CXX_FEATURE:1cxx_attributes
    Feature record: CXX_FEATURE:1cxx_attribute_deprecated
    Feature record: CXX_FEATURE:1cxx_auto_type
    Feature record: CXX_FEATURE:1cxx_binary_literals
    Feature record: CXX_FEATURE:1cxx_constexpr
    Feature record: CXX_FEATURE:1cxx_contextual_conversions
    Feature record: CXX_FEATURE:1cxx_decltype
    Feature record: CXX_FEATURE:1cxx_decltype_auto
    Feature record: CXX_FEATURE:1cxx_decltype_incomplete_return_types
    Feature record: CXX_FEATURE:1cxx_default_function_template_args
    Feature record: CXX_FEATURE:1cxx_defaulted_functions
    Feature record: CXX_FEATURE:1cxx_defaulted_move_initializers
    Feature record: CXX_FEATURE:1cxx_delegating_constructors
    Feature record: CXX_FEATURE:1cxx_deleted_functions
    Feature record: CXX_FEATURE:1cxx_digit_separators
    Feature record: CXX_FEATURE:1cxx_enum_forward_declarations
    Feature record: CXX_FEATURE:1cxx_explicit_conversions
    Feature record: CXX_FEATURE:1cxx_extended_friend_declarations
    Feature record: CXX_FEATURE:1cxx_extern_templates
    Feature record: CXX_FEATURE:1cxx_final
    Feature record: CXX_FEATURE:1cxx_func_identifier
    Feature record: CXX_FEATURE:1cxx_generalized_initializers
    Feature record: CXX_FEATURE:1cxx_generic_lambdas
    Feature record: CXX_FEATURE:1cxx_inheriting_constructors
    Feature record: CXX_FEATURE:1cxx_inline_namespaces
    Feature record: CXX_FEATURE:1cxx_lambdas
    Feature record: CXX_FEATURE:1cxx_lambda_init_captures
    Feature record: CXX_FEATURE:1cxx_local_type_template_args
    Feature record: CXX_FEATURE:1cxx_long_long_type
    Feature record: CXX_FEATURE:1cxx_noexcept
    Feature record: CXX_FEATURE:1cxx_nonstatic_member_init
    Feature record: CXX_FEATURE:1cxx_nullptr
    Feature record: CXX_FEATURE:1cxx_override
    Feature record: CXX_FEATURE:1cxx_range_for
    Feature record: CXX_FEATURE:1cxx_raw_string_literals
    Feature record: CXX_FEATURE:1cxx_reference_qualified_functions
    Feature record: CXX_FEATURE:1cxx_relaxed_constexpr
    Feature record: CXX_FEATURE:1cxx_return_type_deduction
    Feature record: CXX_FEATURE:1cxx_right_angle_brackets
    Feature record: CXX_FEATURE:1cxx_rvalue_references
    Feature record: CXX_FEATURE:1cxx_sizeof_member
    Feature record: CXX_FEATURE:1cxx_static_assert
    Feature record: CXX_FEATURE:1cxx_strong_enums
    Feature record: CXX_FEATURE:1cxx_template_template_parameters
    Feature record: CXX_FEATURE:1cxx_thread_local
    Feature record: CXX_FEATURE:1cxx_trailing_return_types
    Feature record: CXX_FEATURE:1cxx_unicode_literals
    Feature record: CXX_FEATURE:1cxx_uniform_initialization
    Feature record: CXX_FEATURE:1cxx_unrestricted_unions
    Feature record: CXX_FEATURE:1cxx_user_literals
    Feature record: CXX_FEATURE:1cxx_variable_templates
    Feature record: CXX_FEATURE:1cxx_variadic_macros
    Feature record: CXX_FEATURE:1cxx_variadic_templates


Detecting CXX [-std=c++11] compiler features compiled with the following output:
Change Dir: /home/21303468/workspace/analyseEspaceRayons/exe/CMakeFiles/CMakeTmp

Run Build Command:"/usr/bin/gmake" "cmTC_866a9/fast"
/usr/bin/gmake -f CMakeFiles/cmTC_866a9.dir/build.make CMakeFiles/cmTC_866a9.dir/build
gmake[1] : on entre dans le répertoire « /home/21303468/workspace/analyseEspaceRayons/exe/CMakeFiles/CMakeTmp »
Building CXX object CMakeFiles/cmTC_866a9.dir/feature_tests.cxx.o
/home/21303468/.linuxbrew/bin/c++     -std=c++11 -o CMakeFiles/cmTC_866a9.dir/feature_tests.cxx.o -c /home/21303468/workspace/analyseEspaceRayons/exe/CMakeFiles/feature_tests.cxx
Linking CXX executable cmTC_866a9
/home/21303468/.linuxbrew/Cellar/cmake/3.7.2/bin/cmake -E cmake_link_script CMakeFiles/cmTC_866a9.dir/link.txt --verbose=1
/home/21303468/.linuxbrew/bin/c++        CMakeFiles/cmTC_866a9.dir/feature_tests.cxx.o  -o cmTC_866a9 -rdynamic 
gmake[1] : on quitte le répertoire « /home/21303468/workspace/analyseEspaceRayons/exe/CMakeFiles/CMakeTmp »


    Feature record: CXX_FEATURE:0cxx_aggregate_default_initializers
    Feature record: CXX_FEATURE:1cxx_alias_templates
    Feature record: CXX_FEATURE:1cxx_alignas
    Feature record: CXX_FEATURE:1cxx_alignof
    Feature record: CXX_FEATURE:1cxx_attributes
    Feature record: CXX_FEATURE:0cxx_attribute_deprecated
    Feature record: CXX_FEATURE:1cxx_auto_type
    Feature record: CXX_FEATURE:0cxx_binary_literals
    Feature record: CXX_FEATURE:1cxx_constexpr
    Feature record: CXX_FEATURE:0cxx_contextual_conversions
    Feature record: CXX_FEATURE:1cxx_decltype
    Feature record: CXX_FEATURE:0cxx_decltype_auto
    Feature record: CXX_FEATURE:1cxx_decltype_incomplete_return_types
    Feature record: CXX_FEATURE:1cxx_default_function_template_args
    Feature record: CXX_FEATURE:1cxx_defaulted_functions
    Feature record: CXX_FEATURE:1cxx_defaulted_move_initializers
    Feature record: CXX_FEATURE:1cxx_delegating_constructors
    Feature record: CXX_FEATURE:1cxx_deleted_functions
    Feature record: CXX_FEATURE:0cxx_digit_separators
    Feature record: CXX_FEATURE:1cxx_enum_forward_declarations
    Feature record: CXX_FEATURE:1cxx_explicit_conversions
    Feature record: CXX_FEATURE:1cxx_extended_friend_declarations
    Feature record: CXX_FEATURE:1cxx_extern_templates
    Feature record: CXX_FEATURE:1cxx_final
    Feature record: CXX_FEATURE:1cxx_func_identifier
    Feature record: CXX_FEATURE:1cxx_generalized_initializers
    Feature record: CXX_FEATURE:0cxx_generic_lambdas
    Feature record: CXX_FEATURE:1cxx_inheriting_constructors
    Feature record: CXX_FEATURE:1cxx_inline_namespaces
    Feature record: CXX_FEATURE:1cxx_lambdas
    Feature record: CXX_FEATURE:0cxx_lambda_init_captures
    Feature record: CXX_FEATURE:1cxx_local_type_template_args
    Feature record: CXX_FEATURE:1cxx_long_long_type
    Feature record: CXX_FEATURE:1cxx_noexcept
    Feature record: CXX_FEATURE:1cxx_nonstatic_member_init
    Feature record: CXX_FEATURE:1cxx_nullptr
    Feature record: CXX_FEATURE:1cxx_override
    Feature record: CXX_FEATURE:1cxx_range_for
    Feature record: CXX_FEATURE:1cxx_raw_string_literals
    Feature record: CXX_FEATURE:1cxx_reference_qualified_functions
    Feature record: CXX_FEATURE:0cxx_relaxed_constexpr
    Feature record: CXX_FEATURE:0cxx_return_type_deduction
    Feature record: CXX_FEATURE:1cxx_right_angle_brackets
    Feature record: CXX_FEATURE:1cxx_rvalue_references
    Feature record: CXX_FEATURE:1cxx_sizeof_member
    Feature record: CXX_FEATURE:1cxx_static_assert
    Feature record: CXX_FEATURE:1cxx_strong_enums
    Feature record: CXX_FEATURE:1cxx_template_template_parameters
    Feature record: CXX_FEATURE:1cxx_thread_local
    Feature record: CXX_FEATURE:1cxx_trailing_return_types
    Feature record: CXX_FEATURE:1cxx_unicode_literals
    Feature record: CXX_FEATURE:1cxx_uniform_initialization
    Feature record: CXX_FEATURE:1cxx_unrestricted_unions
    Feature record: CXX_FEATURE:1cxx_user_literals
    Feature record: CXX_FEATURE:0cxx_variable_templates
    Feature record: CXX_FEATURE:1cxx_variadic_macros
    Feature record: CXX_FEATURE:1cxx_variadic_templates


Detecting CXX [-std=c++98] compiler features compiled with the following output:
Change Dir: /home/21303468/workspace/analyseEspaceRayons/exe/CMakeFiles/CMakeTmp

Run Build Command:"/usr/bin/gmake" "cmTC_a06e9/fast"
/usr/bin/gmake -f CMakeFiles/cmTC_a06e9.dir/build.make CMakeFiles/cmTC_a06e9.dir/build
gmake[1] : on entre dans le répertoire « /home/21303468/workspace/analyseEspaceRayons/exe/CMakeFiles/CMakeTmp »
Building CXX object CMakeFiles/cmTC_a06e9.dir/feature_tests.cxx.o
/home/21303468/.linuxbrew/bin/c++     -std=c++98 -o CMakeFiles/cmTC_a06e9.dir/feature_tests.cxx.o -c /home/21303468/workspace/analyseEspaceRayons/exe/CMakeFiles/feature_tests.cxx
Linking CXX executable cmTC_a06e9
/home/21303468/.linuxbrew/Cellar/cmake/3.7.2/bin/cmake -E cmake_link_script CMakeFiles/cmTC_a06e9.dir/link.txt --verbose=1
/home/21303468/.linuxbrew/bin/c++        CMakeFiles/cmTC_a06e9.dir/feature_tests.cxx.o  -o cmTC_a06e9 -rdynamic 
gmake[1] : on quitte le répertoire « /home/21303468/workspace/analyseEspaceRayons/exe/CMakeFiles/CMakeTmp »


    Feature record: CXX_FEATURE:0cxx_aggregate_default_initializers
    Feature record: CXX_FEATURE:0cxx_alias_templates
    Feature record: CXX_FEATURE:0cxx_alignas
    Feature record: CXX_FEATURE:0cxx_alignof
    Feature record: CXX_FEATURE:0cxx_attributes
    Feature record: CXX_FEATURE:0cxx_attribute_deprecated
    Feature record: CXX_FEATURE:0cxx_auto_type
    Feature record: CXX_FEATURE:0cxx_binary_literals
    Feature record: CXX_FEATURE:0cxx_constexpr
    Feature record: CXX_FEATURE:0cxx_contextual_conversions
    Feature record: CXX_FEATURE:0cxx_decltype
    Feature record: CXX_FEATURE:0cxx_decltype_auto
    Feature record: CXX_FEATURE:0cxx_decltype_incomplete_return_types
    Feature record: CXX_FEATURE:0cxx_default_function_template_args
    Feature record: CXX_FEATURE:0cxx_defaulted_functions
    Feature record: CXX_FEATURE:0cxx_defaulted_move_initializers
    Feature record: CXX_FEATURE:0cxx_delegating_constructors
    Feature record: CXX_FEATURE:0cxx_deleted_functions
    Feature record: CXX_FEATURE:0cxx_digit_separators
    Feature record: CXX_FEATURE:0cxx_enum_forward_declarations
    Feature record: CXX_FEATURE:0cxx_explicit_conversions
    Feature record: CXX_FEATURE:0cxx_extended_friend_declarations
    Feature record: CXX_FEATURE:0cxx_extern_templates
    Feature record: CXX_FEATURE:0cxx_final
    Feature record: CXX_FEATURE:0cxx_func_identifier
    Feature record: CXX_FEATURE:0cxx_generalized_initializers
    Feature record: CXX_FEATURE:0cxx_generic_lambdas
    Feature record: CXX_FEATURE:0cxx_inheriting_constructors
    Feature record: CXX_FEATURE:0cxx_inline_namespaces
    Feature record: CXX_FEATURE:0cxx_lambdas
    Feature record: CXX_FEATURE:0cxx_lambda_init_captures
    Feature record: CXX_FEATURE:0cxx_local_type_template_args
    Feature record: CXX_FEATURE:0cxx_long_long_type
    Feature record: CXX_FEATURE:0cxx_noexcept
    Feature record: CXX_FEATURE:0cxx_nonstatic_member_init
    Feature record: CXX_FEATURE:0cxx_nullptr
    Feature record: CXX_FEATURE:0cxx_override
    Feature record: CXX_FEATURE:0cxx_range_for
    Feature record: CXX_FEATURE:0cxx_raw_string_literals
    Feature record: CXX_FEATURE:0cxx_reference_qualified_functions
    Feature record: CXX_FEATURE:0cxx_relaxed_constexpr
    Feature record: CXX_FEATURE:0cxx_return_type_deduction
    Feature record: CXX_FEATURE:0cxx_right_angle_brackets
    Feature record: CXX_FEATURE:0cxx_rvalue_references
    Feature record: CXX_FEATURE:0cxx_sizeof_member
    Feature record: CXX_FEATURE:0cxx_static_assert
    Feature record: CXX_FEATURE:0cxx_strong_enums
    Feature record: CXX_FEATURE:1cxx_template_template_parameters
    Feature record: CXX_FEATURE:0cxx_thread_local
    Feature record: CXX_FEATURE:0cxx_trailing_return_types
    Feature record: CXX_FEATURE:0cxx_unicode_literals
    Feature record: CXX_FEATURE:0cxx_uniform_initialization
    Feature record: CXX_FEATURE:0cxx_unrestricted_unions
    Feature record: CXX_FEATURE:0cxx_user_literals
    Feature record: CXX_FEATURE:0cxx_variable_templates
    Feature record: CXX_FEATURE:0cxx_variadic_macros
    Feature record: CXX_FEATURE:0cxx_variadic_templates
Determining if the include file pthread.h exists passed with the following output:
Change Dir: /home/21303468/workspace/analyseEspaceRayons/exe/CMakeFiles/CMakeTmp

Run Build Command:"/usr/bin/gmake" "cmTC_20830/fast"
/usr/bin/gmake -f CMakeFiles/cmTC_20830.dir/build.make CMakeFiles/cmTC_20830.dir/build
gmake[1] : on entre dans le répertoire « /home/21303468/workspace/analyseEspaceRayons/exe/CMakeFiles/CMakeTmp »
Building C object CMakeFiles/cmTC_20830.dir/CheckIncludeFile.c.o
/home/21303468/.linuxbrew/bin/cc     -o CMakeFiles/cmTC_20830.dir/CheckIncludeFile.c.o   -c /home/21303468/workspace/analyseEspaceRayons/exe/CMakeFiles/CMakeTmp/CheckIncludeFile.c
Linking C executable cmTC_20830
/home/21303468/.linuxbrew/Cellar/cmake/3.7.2/bin/cmake -E cmake_link_script CMakeFiles/cmTC_20830.dir/link.txt --verbose=1
/home/21303468/.linuxbrew/bin/cc       CMakeFiles/cmTC_20830.dir/CheckIncludeFile.c.o  -o cmTC_20830 -rdynamic 
gmake[1] : on quitte le répertoire « /home/21303468/workspace/analyseEspaceRayons/exe/CMakeFiles/CMakeTmp »


Determining if the function pthread_create exists in the pthread passed with the following output:
Change Dir: /home/21303468/workspace/analyseEspaceRayons/exe/CMakeFiles/CMakeTmp

Run Build Command:"/usr/bin/gmake" "cmTC_54700/fast"
/usr/bin/gmake -f CMakeFiles/cmTC_54700.dir/build.make CMakeFiles/cmTC_54700.dir/build
gmake[1] : on entre dans le répertoire « /home/21303468/workspace/analyseEspaceRayons/exe/CMakeFiles/CMakeTmp »
Building C object CMakeFiles/cmTC_54700.dir/CheckFunctionExists.c.o
/home/21303468/.linuxbrew/bin/cc    -DCHECK_FUNCTION_EXISTS=pthread_create   -o CMakeFiles/cmTC_54700.dir/CheckFunctionExists.c.o   -c /home/21303468/.linuxbrew/Cellar/cmake/3.7.2/share/cmake/Modules/CheckFunctionExists.c
Linking C executable cmTC_54700
/home/21303468/.linuxbrew/Cellar/cmake/3.7.2/bin/cmake -E cmake_link_script CMakeFiles/cmTC_54700.dir/link.txt --verbose=1
/home/21303468/.linuxbrew/bin/cc   -DCHECK_FUNCTION_EXISTS=pthread_create    CMakeFiles/cmTC_54700.dir/CheckFunctionExists.c.o  -o cmTC_54700 -rdynamic -lpthread 
gmake[1] : on quitte le répertoire « /home/21303468/workspace/analyseEspaceRayons/exe/CMakeFiles/CMakeTmp »


Performing C++ SOURCE FILE Test HAVE_GCC_INLINE_ASM_AVX succeeded with the following output:
Change Dir: /home/21303468/workspace/analyseEspaceRayons/exe/CMakeFiles/CMakeTmp

Run Build Command:"/usr/bin/gmake" "cmTC_5f722/fast"
/usr/bin/gmake -f CMakeFiles/cmTC_5f722.dir/build.make CMakeFiles/cmTC_5f722.dir/build
gmake[1] : on entre dans le répertoire « /home/21303468/workspace/analyseEspaceRayons/exe/CMakeFiles/CMakeTmp »
Building CXX object CMakeFiles/cmTC_5f722.dir/src.cxx.o
/home/21303468/.linuxbrew/bin/c++     -std=gnu++11 -Wno-conversion-null -Wno-unused-result -DHAVE_GCC_INLINE_ASM_AVX   -o CMakeFiles/cmTC_5f722.dir/src.cxx.o -c /home/21303468/workspace/analyseEspaceRayons/exe/CMakeFiles/CMakeTmp/src.cxx
Linking CXX executable cmTC_5f722
/home/21303468/.linuxbrew/Cellar/cmake/3.7.2/bin/cmake -E cmake_link_script CMakeFiles/cmTC_5f722.dir/link.txt --verbose=1
/home/21303468/.linuxbrew/bin/c++    -std=gnu++11 -Wno-conversion-null -Wno-unused-result -DHAVE_GCC_INLINE_ASM_AVX    CMakeFiles/cmTC_5f722.dir/src.cxx.o  -o cmTC_5f722 -rdynamic 
gmake[1] : on quitte le répertoire « /home/21303468/workspace/analyseEspaceRayons/exe/CMakeFiles/CMakeTmp »

Source file was:

	int main()
	{
	 #if defined(__GNUC__) && defined(__SSE2__) 
		 int n   = 0;
		 int eax = 0;
		 int edx = 0;
		 __asm__(
			 "xgetbv     ;"
			 "vzeroupper  "
			 : "=a"(eax), "=d"(edx) : "c"(n) : );
	 #else
		 #error No GCC style inline asm supported for AVX instructions
	 #endif
	}
	
Performing C++ SOURCE FILE Test HAVE_SYSCONF_NPROCESSORS_ONLN succeeded with the following output:
Change Dir: /home/21303468/workspace/analyseEspaceRayons/exe/CMakeFiles/CMakeTmp

Run Build Command:"/usr/bin/gmake" "cmTC_f9612/fast"
/usr/bin/gmake -f CMakeFiles/cmTC_f9612.dir/build.make CMakeFiles/cmTC_f9612.dir/build
gmake[1] : on entre dans le répertoire « /home/21303468/workspace/analyseEspaceRayons/exe/CMakeFiles/CMakeTmp »
Building CXX object CMakeFiles/cmTC_f9612.dir/src.cxx.o
/home/21303468/.linuxbrew/bin/c++     -std=gnu++11 -Wno-conversion-null -Wno-unused-result -DHAVE_SYSCONF_NPROCESSORS_ONLN   -o CMakeFiles/cmTC_f9612.dir/src.cxx.o -c /home/21303468/workspace/analyseEspaceRayons/exe/CMakeFiles/CMakeTmp/src.cxx
Linking CXX executable cmTC_f9612
/home/21303468/.linuxbrew/Cellar/cmake/3.7.2/bin/cmake -E cmake_link_script CMakeFiles/cmTC_f9612.dir/link.txt --verbose=1
/home/21303468/.linuxbrew/bin/c++    -std=gnu++11 -Wno-conversion-null -Wno-unused-result -DHAVE_SYSCONF_NPROCESSORS_ONLN    CMakeFiles/cmTC_f9612.dir/src.cxx.o  -o cmTC_f9612 -rdynamic 
gmake[1] : on quitte le répertoire « /home/21303468/workspace/analyseEspaceRayons/exe/CMakeFiles/CMakeTmp »

Source file was:

    #include <unistd.h>
    int main()
    {
        sysconf(_SC_NPROCESSORS_ONLN);
    }
    
Determining if the include file dlfcn.h exists passed with the following output:
Change Dir: /home/21303468/workspace/analyseEspaceRayons/exe/CMakeFiles/CMakeTmp

Run Build Command:"/usr/bin/gmake" "cmTC_8ac4f/fast"
/usr/bin/gmake -f CMakeFiles/cmTC_8ac4f.dir/build.make CMakeFiles/cmTC_8ac4f.dir/build
gmake[1] : on entre dans le répertoire « /home/21303468/workspace/analyseEspaceRayons/exe/CMakeFiles/CMakeTmp »
Building C object CMakeFiles/cmTC_8ac4f.dir/CheckIncludeFile.c.o
/home/21303468/.linuxbrew/bin/cc     -o CMakeFiles/cmTC_8ac4f.dir/CheckIncludeFile.c.o   -c /home/21303468/workspace/analyseEspaceRayons/exe/CMakeFiles/CMakeTmp/CheckIncludeFile.c
Linking C executable cmTC_8ac4f
/home/21303468/.linuxbrew/Cellar/cmake/3.7.2/bin/cmake -E cmake_link_script CMakeFiles/cmTC_8ac4f.dir/link.txt --verbose=1
/home/21303468/.linuxbrew/bin/cc       CMakeFiles/cmTC_8ac4f.dir/CheckIncludeFile.c.o  -o cmTC_8ac4f -rdynamic 
gmake[1] : on quitte le répertoire « /home/21303468/workspace/analyseEspaceRayons/exe/CMakeFiles/CMakeTmp »


Determining if the include file execinfo.h exists passed with the following output:
Change Dir: /home/21303468/workspace/analyseEspaceRayons/exe/CMakeFiles/CMakeTmp

Run Build Command:"/usr/bin/gmake" "cmTC_ad72a/fast"
/usr/bin/gmake -f CMakeFiles/cmTC_ad72a.dir/build.make CMakeFiles/cmTC_ad72a.dir/build
gmake[1] : on entre dans le répertoire « /home/21303468/workspace/analyseEspaceRayons/exe/CMakeFiles/CMakeTmp »
Building C object CMakeFiles/cmTC_ad72a.dir/CheckIncludeFile.c.o
/home/21303468/.linuxbrew/bin/cc     -o CMakeFiles/cmTC_ad72a.dir/CheckIncludeFile.c.o   -c /home/21303468/workspace/analyseEspaceRayons/exe/CMakeFiles/CMakeTmp/CheckIncludeFile.c
Linking C executable cmTC_ad72a
/home/21303468/.linuxbrew/Cellar/cmake/3.7.2/bin/cmake -E cmake_link_script CMakeFiles/cmTC_ad72a.dir/link.txt --verbose=1
/home/21303468/.linuxbrew/bin/cc       CMakeFiles/cmTC_ad72a.dir/CheckIncludeFile.c.o  -o cmTC_ad72a -rdynamic 
gmake[1] : on quitte le répertoire « /home/21303468/workspace/analyseEspaceRayons/exe/CMakeFiles/CMakeTmp »


Determining if the include file glob.h exists passed with the following output:
Change Dir: /home/21303468/workspace/analyseEspaceRayons/exe/CMakeFiles/CMakeTmp

Run Build Command:"/usr/bin/gmake" "cmTC_46c62/fast"
/usr/bin/gmake -f CMakeFiles/cmTC_46c62.dir/build.make CMakeFiles/cmTC_46c62.dir/build
gmake[1] : on entre dans le répertoire « /home/21303468/workspace/analyseEspaceRayons/exe/CMakeFiles/CMakeTmp »
Building C object CMakeFiles/cmTC_46c62.dir/CheckIncludeFile.c.o
/home/21303468/.linuxbrew/bin/cc     -o CMakeFiles/cmTC_46c62.dir/CheckIncludeFile.c.o   -c /home/21303468/workspace/analyseEspaceRayons/exe/CMakeFiles/CMakeTmp/CheckIncludeFile.c
Linking C executable cmTC_46c62
/home/21303468/.linuxbrew/Cellar/cmake/3.7.2/bin/cmake -E cmake_link_script CMakeFiles/cmTC_46c62.dir/link.txt --verbose=1
/home/21303468/.linuxbrew/bin/cc       CMakeFiles/cmTC_46c62.dir/CheckIncludeFile.c.o  -o cmTC_46c62 -rdynamic 
gmake[1] : on quitte le répertoire « /home/21303468/workspace/analyseEspaceRayons/exe/CMakeFiles/CMakeTmp »


Determining if the include file inttypes.h exists passed with the following output:
Change Dir: /home/21303468/workspace/analyseEspaceRayons/exe/CMakeFiles/CMakeTmp

Run Build Command:"/usr/bin/gmake" "cmTC_2adf9/fast"
/usr/bin/gmake -f CMakeFiles/cmTC_2adf9.dir/build.make CMakeFiles/cmTC_2adf9.dir/build
gmake[1] : on entre dans le répertoire « /home/21303468/workspace/analyseEspaceRayons/exe/CMakeFiles/CMakeTmp »
Building C object CMakeFiles/cmTC_2adf9.dir/CheckIncludeFile.c.o
/home/21303468/.linuxbrew/bin/cc     -o CMakeFiles/cmTC_2adf9.dir/CheckIncludeFile.c.o   -c /home/21303468/workspace/analyseEspaceRayons/exe/CMakeFiles/CMakeTmp/CheckIncludeFile.c
Linking C executable cmTC_2adf9
/home/21303468/.linuxbrew/Cellar/cmake/3.7.2/bin/cmake -E cmake_link_script CMakeFiles/cmTC_2adf9.dir/link.txt --verbose=1
/home/21303468/.linuxbrew/bin/cc       CMakeFiles/cmTC_2adf9.dir/CheckIncludeFile.c.o  -o cmTC_2adf9 -rdynamic 
gmake[1] : on quitte le répertoire « /home/21303468/workspace/analyseEspaceRayons/exe/CMakeFiles/CMakeTmp »


Determining if the include file memory.h exists passed with the following output:
Change Dir: /home/21303468/workspace/analyseEspaceRayons/exe/CMakeFiles/CMakeTmp

Run Build Command:"/usr/bin/gmake" "cmTC_be912/fast"
/usr/bin/gmake -f CMakeFiles/cmTC_be912.dir/build.make CMakeFiles/cmTC_be912.dir/build
gmake[1] : on entre dans le répertoire « /home/21303468/workspace/analyseEspaceRayons/exe/CMakeFiles/CMakeTmp »
Building C object CMakeFiles/cmTC_be912.dir/CheckIncludeFile.c.o
/home/21303468/.linuxbrew/bin/cc     -o CMakeFiles/cmTC_be912.dir/CheckIncludeFile.c.o   -c /home/21303468/workspace/analyseEspaceRayons/exe/CMakeFiles/CMakeTmp/CheckIncludeFile.c
Linking C executable cmTC_be912
/home/21303468/.linuxbrew/Cellar/cmake/3.7.2/bin/cmake -E cmake_link_script CMakeFiles/cmTC_be912.dir/link.txt --verbose=1
/home/21303468/.linuxbrew/bin/cc       CMakeFiles/cmTC_be912.dir/CheckIncludeFile.c.o  -o cmTC_be912 -rdynamic 
gmake[1] : on quitte le répertoire « /home/21303468/workspace/analyseEspaceRayons/exe/CMakeFiles/CMakeTmp »


Determining if the include file pwd.h exists passed with the following output:
Change Dir: /home/21303468/workspace/analyseEspaceRayons/exe/CMakeFiles/CMakeTmp

Run Build Command:"/usr/bin/gmake" "cmTC_05724/fast"
/usr/bin/gmake -f CMakeFiles/cmTC_05724.dir/build.make CMakeFiles/cmTC_05724.dir/build
gmake[1] : on entre dans le répertoire « /home/21303468/workspace/analyseEspaceRayons/exe/CMakeFiles/CMakeTmp »
Building C object CMakeFiles/cmTC_05724.dir/CheckIncludeFile.c.o
/home/21303468/.linuxbrew/bin/cc     -o CMakeFiles/cmTC_05724.dir/CheckIncludeFile.c.o   -c /home/21303468/workspace/analyseEspaceRayons/exe/CMakeFiles/CMakeTmp/CheckIncludeFile.c
Linking C executable cmTC_05724
/home/21303468/.linuxbrew/Cellar/cmake/3.7.2/bin/cmake -E cmake_link_script CMakeFiles/cmTC_05724.dir/link.txt --verbose=1
/home/21303468/.linuxbrew/bin/cc       CMakeFiles/cmTC_05724.dir/CheckIncludeFile.c.o  -o cmTC_05724 -rdynamic 
gmake[1] : on quitte le répertoire « /home/21303468/workspace/analyseEspaceRayons/exe/CMakeFiles/CMakeTmp »


Determining if the include file stdint.h exists passed with the following output:
Change Dir: /home/21303468/workspace/analyseEspaceRayons/exe/CMakeFiles/CMakeTmp

Run Build Command:"/usr/bin/gmake" "cmTC_c1665/fast"
/usr/bin/gmake -f CMakeFiles/cmTC_c1665.dir/build.make CMakeFiles/cmTC_c1665.dir/build
gmake[1] : on entre dans le répertoire « /home/21303468/workspace/analyseEspaceRayons/exe/CMakeFiles/CMakeTmp »
Building C object CMakeFiles/cmTC_c1665.dir/CheckIncludeFile.c.o
/home/21303468/.linuxbrew/bin/cc     -o CMakeFiles/cmTC_c1665.dir/CheckIncludeFile.c.o   -c /home/21303468/workspace/analyseEspaceRayons/exe/CMakeFiles/CMakeTmp/CheckIncludeFile.c
Linking C executable cmTC_c1665
/home/21303468/.linuxbrew/Cellar/cmake/3.7.2/bin/cmake -E cmake_link_script CMakeFiles/cmTC_c1665.dir/link.txt --verbose=1
/home/21303468/.linuxbrew/bin/cc       CMakeFiles/cmTC_c1665.dir/CheckIncludeFile.c.o  -o cmTC_c1665 -rdynamic 
gmake[1] : on quitte le répertoire « /home/21303468/workspace/analyseEspaceRayons/exe/CMakeFiles/CMakeTmp »


Determining if the include file stdlib.h exists passed with the following output:
Change Dir: /home/21303468/workspace/analyseEspaceRayons/exe/CMakeFiles/CMakeTmp

Run Build Command:"/usr/bin/gmake" "cmTC_72241/fast"
/usr/bin/gmake -f CMakeFiles/cmTC_72241.dir/build.make CMakeFiles/cmTC_72241.dir/build
gmake[1] : on entre dans le répertoire « /home/21303468/workspace/analyseEspaceRayons/exe/CMakeFiles/CMakeTmp »
Building C object CMakeFiles/cmTC_72241.dir/CheckIncludeFile.c.o
/home/21303468/.linuxbrew/bin/cc     -o CMakeFiles/cmTC_72241.dir/CheckIncludeFile.c.o   -c /home/21303468/workspace/analyseEspaceRayons/exe/CMakeFiles/CMakeTmp/CheckIncludeFile.c
Linking C executable cmTC_72241
/home/21303468/.linuxbrew/Cellar/cmake/3.7.2/bin/cmake -E cmake_link_script CMakeFiles/cmTC_72241.dir/link.txt --verbose=1
/home/21303468/.linuxbrew/bin/cc       CMakeFiles/cmTC_72241.dir/CheckIncludeFile.c.o  -o cmTC_72241 -rdynamic 
gmake[1] : on quitte le répertoire « /home/21303468/workspace/analyseEspaceRayons/exe/CMakeFiles/CMakeTmp »


Determining if the include file string.h exists passed with the following output:
Change Dir: /home/21303468/workspace/analyseEspaceRayons/exe/CMakeFiles/CMakeTmp

Run Build Command:"/usr/bin/gmake" "cmTC_96f1d/fast"
/usr/bin/gmake -f CMakeFiles/cmTC_96f1d.dir/build.make CMakeFiles/cmTC_96f1d.dir/build
gmake[1] : on entre dans le répertoire « /home/21303468/workspace/analyseEspaceRayons/exe/CMakeFiles/CMakeTmp »
Building C object CMakeFiles/cmTC_96f1d.dir/CheckIncludeFile.c.o
/home/21303468/.linuxbrew/bin/cc     -o CMakeFiles/cmTC_96f1d.dir/CheckIncludeFile.c.o   -c /home/21303468/workspace/analyseEspaceRayons/exe/CMakeFiles/CMakeTmp/CheckIncludeFile.c
Linking C executable cmTC_96f1d
/home/21303468/.linuxbrew/Cellar/cmake/3.7.2/bin/cmake -E cmake_link_script CMakeFiles/cmTC_96f1d.dir/link.txt --verbose=1
/home/21303468/.linuxbrew/bin/cc       CMakeFiles/cmTC_96f1d.dir/CheckIncludeFile.c.o  -o cmTC_96f1d -rdynamic 
gmake[1] : on quitte le répertoire « /home/21303468/workspace/analyseEspaceRayons/exe/CMakeFiles/CMakeTmp »


Determining if the include file strings.h exists passed with the following output:
Change Dir: /home/21303468/workspace/analyseEspaceRayons/exe/CMakeFiles/CMakeTmp

Run Build Command:"/usr/bin/gmake" "cmTC_f66d1/fast"
/usr/bin/gmake -f CMakeFiles/cmTC_f66d1.dir/build.make CMakeFiles/cmTC_f66d1.dir/build
gmake[1] : on entre dans le répertoire « /home/21303468/workspace/analyseEspaceRayons/exe/CMakeFiles/CMakeTmp »
Building C object CMakeFiles/cmTC_f66d1.dir/CheckIncludeFile.c.o
/home/21303468/.linuxbrew/bin/cc     -o CMakeFiles/cmTC_f66d1.dir/CheckIncludeFile.c.o   -c /home/21303468/workspace/analyseEspaceRayons/exe/CMakeFiles/CMakeTmp/CheckIncludeFile.c
Linking C executable cmTC_f66d1
/home/21303468/.linuxbrew/Cellar/cmake/3.7.2/bin/cmake -E cmake_link_script CMakeFiles/cmTC_f66d1.dir/link.txt --verbose=1
/home/21303468/.linuxbrew/bin/cc       CMakeFiles/cmTC_f66d1.dir/CheckIncludeFile.c.o  -o cmTC_f66d1 -rdynamic 
gmake[1] : on quitte le répertoire « /home/21303468/workspace/analyseEspaceRayons/exe/CMakeFiles/CMakeTmp »


Determining if the include file sys/stat.h exists passed with the following output:
Change Dir: /home/21303468/workspace/analyseEspaceRayons/exe/CMakeFiles/CMakeTmp

Run Build Command:"/usr/bin/gmake" "cmTC_2f07d/fast"
/usr/bin/gmake -f CMakeFiles/cmTC_2f07d.dir/build.make CMakeFiles/cmTC_2f07d.dir/build
gmake[1] : on entre dans le répertoire « /home/21303468/workspace/analyseEspaceRayons/exe/CMakeFiles/CMakeTmp »
Building C object CMakeFiles/cmTC_2f07d.dir/CheckIncludeFile.c.o
/home/21303468/.linuxbrew/bin/cc     -o CMakeFiles/cmTC_2f07d.dir/CheckIncludeFile.c.o   -c /home/21303468/workspace/analyseEspaceRayons/exe/CMakeFiles/CMakeTmp/CheckIncludeFile.c
Linking C executable cmTC_2f07d
/home/21303468/.linuxbrew/Cellar/cmake/3.7.2/bin/cmake -E cmake_link_script CMakeFiles/cmTC_2f07d.dir/link.txt --verbose=1
/home/21303468/.linuxbrew/bin/cc       CMakeFiles/cmTC_2f07d.dir/CheckIncludeFile.c.o  -o cmTC_2f07d -rdynamic 
gmake[1] : on quitte le répertoire « /home/21303468/workspace/analyseEspaceRayons/exe/CMakeFiles/CMakeTmp »


Determining if the include file sys/syscall.h exists passed with the following output:
Change Dir: /home/21303468/workspace/analyseEspaceRayons/exe/CMakeFiles/CMakeTmp

Run Build Command:"/usr/bin/gmake" "cmTC_06391/fast"
/usr/bin/gmake -f CMakeFiles/cmTC_06391.dir/build.make CMakeFiles/cmTC_06391.dir/build
gmake[1] : on entre dans le répertoire « /home/21303468/workspace/analyseEspaceRayons/exe/CMakeFiles/CMakeTmp »
Building C object CMakeFiles/cmTC_06391.dir/CheckIncludeFile.c.o
/home/21303468/.linuxbrew/bin/cc     -o CMakeFiles/cmTC_06391.dir/CheckIncludeFile.c.o   -c /home/21303468/workspace/analyseEspaceRayons/exe/CMakeFiles/CMakeTmp/CheckIncludeFile.c
Linking C executable cmTC_06391
/home/21303468/.linuxbrew/Cellar/cmake/3.7.2/bin/cmake -E cmake_link_script CMakeFiles/cmTC_06391.dir/link.txt --verbose=1
/home/21303468/.linuxbrew/bin/cc       CMakeFiles/cmTC_06391.dir/CheckIncludeFile.c.o  -o cmTC_06391 -rdynamic 
gmake[1] : on quitte le répertoire « /home/21303468/workspace/analyseEspaceRayons/exe/CMakeFiles/CMakeTmp »


Determining if the include file sys/time.h exists passed with the following output:
Change Dir: /home/21303468/workspace/analyseEspaceRayons/exe/CMakeFiles/CMakeTmp

Run Build Command:"/usr/bin/gmake" "cmTC_4d04a/fast"
/usr/bin/gmake -f CMakeFiles/cmTC_4d04a.dir/build.make CMakeFiles/cmTC_4d04a.dir/build
gmake[1] : on entre dans le répertoire « /home/21303468/workspace/analyseEspaceRayons/exe/CMakeFiles/CMakeTmp »
Building C object CMakeFiles/cmTC_4d04a.dir/CheckIncludeFile.c.o
/home/21303468/.linuxbrew/bin/cc     -o CMakeFiles/cmTC_4d04a.dir/CheckIncludeFile.c.o   -c /home/21303468/workspace/analyseEspaceRayons/exe/CMakeFiles/CMakeTmp/CheckIncludeFile.c
Linking C executable cmTC_4d04a
/home/21303468/.linuxbrew/Cellar/cmake/3.7.2/bin/cmake -E cmake_link_script CMakeFiles/cmTC_4d04a.dir/link.txt --verbose=1
/home/21303468/.linuxbrew/bin/cc       CMakeFiles/cmTC_4d04a.dir/CheckIncludeFile.c.o  -o cmTC_4d04a -rdynamic 
gmake[1] : on quitte le répertoire « /home/21303468/workspace/analyseEspaceRayons/exe/CMakeFiles/CMakeTmp »


Determining if the include file sys/types.h exists passed with the following output:
Change Dir: /home/21303468/workspace/analyseEspaceRayons/exe/CMakeFiles/CMakeTmp

Run Build Command:"/usr/bin/gmake" "cmTC_5d4c8/fast"
/usr/bin/gmake -f CMakeFiles/cmTC_5d4c8.dir/build.make CMakeFiles/cmTC_5d4c8.dir/build
gmake[1] : on entre dans le répertoire « /home/21303468/workspace/analyseEspaceRayons/exe/CMakeFiles/CMakeTmp »
Building C object CMakeFiles/cmTC_5d4c8.dir/CheckIncludeFile.c.o
/home/21303468/.linuxbrew/bin/cc     -o CMakeFiles/cmTC_5d4c8.dir/CheckIncludeFile.c.o   -c /home/21303468/workspace/analyseEspaceRayons/exe/CMakeFiles/CMakeTmp/CheckIncludeFile.c
Linking C executable cmTC_5d4c8
/home/21303468/.linuxbrew/Cellar/cmake/3.7.2/bin/cmake -E cmake_link_script CMakeFiles/cmTC_5d4c8.dir/link.txt --verbose=1
/home/21303468/.linuxbrew/bin/cc       CMakeFiles/cmTC_5d4c8.dir/CheckIncludeFile.c.o  -o cmTC_5d4c8 -rdynamic 
gmake[1] : on quitte le répertoire « /home/21303468/workspace/analyseEspaceRayons/exe/CMakeFiles/CMakeTmp »


Determining if the include file sys/utsname.h exists passed with the following output:
Change Dir: /home/21303468/workspace/analyseEspaceRayons/exe/CMakeFiles/CMakeTmp

Run Build Command:"/usr/bin/gmake" "cmTC_536ab/fast"
/usr/bin/gmake -f CMakeFiles/cmTC_536ab.dir/build.make CMakeFiles/cmTC_536ab.dir/build
gmake[1] : on entre dans le répertoire « /home/21303468/workspace/analyseEspaceRayons/exe/CMakeFiles/CMakeTmp »
Building C object CMakeFiles/cmTC_536ab.dir/CheckIncludeFile.c.o
/home/21303468/.linuxbrew/bin/cc     -o CMakeFiles/cmTC_536ab.dir/CheckIncludeFile.c.o   -c /home/21303468/workspace/analyseEspaceRayons/exe/CMakeFiles/CMakeTmp/CheckIncludeFile.c
Linking C executable cmTC_536ab
/home/21303468/.linuxbrew/Cellar/cmake/3.7.2/bin/cmake -E cmake_link_script CMakeFiles/cmTC_536ab.dir/link.txt --verbose=1
/home/21303468/.linuxbrew/bin/cc       CMakeFiles/cmTC_536ab.dir/CheckIncludeFile.c.o  -o cmTC_536ab -rdynamic 
gmake[1] : on quitte le répertoire « /home/21303468/workspace/analyseEspaceRayons/exe/CMakeFiles/CMakeTmp »


Determining if the include file syscall.h exists passed with the following output:
Change Dir: /home/21303468/workspace/analyseEspaceRayons/exe/CMakeFiles/CMakeTmp

Run Build Command:"/usr/bin/gmake" "cmTC_20b8d/fast"
/usr/bin/gmake -f CMakeFiles/cmTC_20b8d.dir/build.make CMakeFiles/cmTC_20b8d.dir/build
gmake[1] : on entre dans le répertoire « /home/21303468/workspace/analyseEspaceRayons/exe/CMakeFiles/CMakeTmp »
Building C object CMakeFiles/cmTC_20b8d.dir/CheckIncludeFile.c.o
/home/21303468/.linuxbrew/bin/cc     -o CMakeFiles/cmTC_20b8d.dir/CheckIncludeFile.c.o   -c /home/21303468/workspace/analyseEspaceRayons/exe/CMakeFiles/CMakeTmp/CheckIncludeFile.c
Linking C executable cmTC_20b8d
/home/21303468/.linuxbrew/Cellar/cmake/3.7.2/bin/cmake -E cmake_link_script CMakeFiles/cmTC_20b8d.dir/link.txt --verbose=1
/home/21303468/.linuxbrew/bin/cc       CMakeFiles/cmTC_20b8d.dir/CheckIncludeFile.c.o  -o cmTC_20b8d -rdynamic 
gmake[1] : on quitte le répertoire « /home/21303468/workspace/analyseEspaceRayons/exe/CMakeFiles/CMakeTmp »


Determining if the include file syslog.h exists passed with the following output:
Change Dir: /home/21303468/workspace/analyseEspaceRayons/exe/CMakeFiles/CMakeTmp

Run Build Command:"/usr/bin/gmake" "cmTC_5275c/fast"
/usr/bin/gmake -f CMakeFiles/cmTC_5275c.dir/build.make CMakeFiles/cmTC_5275c.dir/build
gmake[1] : on entre dans le répertoire « /home/21303468/workspace/analyseEspaceRayons/exe/CMakeFiles/CMakeTmp »
Building C object CMakeFiles/cmTC_5275c.dir/CheckIncludeFile.c.o
/home/21303468/.linuxbrew/bin/cc     -o CMakeFiles/cmTC_5275c.dir/CheckIncludeFile.c.o   -c /home/21303468/workspace/analyseEspaceRayons/exe/CMakeFiles/CMakeTmp/CheckIncludeFile.c
Linking C executable cmTC_5275c
/home/21303468/.linuxbrew/Cellar/cmake/3.7.2/bin/cmake -E cmake_link_script CMakeFiles/cmTC_5275c.dir/link.txt --verbose=1
/home/21303468/.linuxbrew/bin/cc       CMakeFiles/cmTC_5275c.dir/CheckIncludeFile.c.o  -o cmTC_5275c -rdynamic 
gmake[1] : on quitte le répertoire « /home/21303468/workspace/analyseEspaceRayons/exe/CMakeFiles/CMakeTmp »


Determining if the include file ucontext.h exists passed with the following output:
Change Dir: /home/21303468/workspace/analyseEspaceRayons/exe/CMakeFiles/CMakeTmp

Run Build Command:"/usr/bin/gmake" "cmTC_f02ef/fast"
/usr/bin/gmake -f CMakeFiles/cmTC_f02ef.dir/build.make CMakeFiles/cmTC_f02ef.dir/build
gmake[1] : on entre dans le répertoire « /home/21303468/workspace/analyseEspaceRayons/exe/CMakeFiles/CMakeTmp »
Building C object CMakeFiles/cmTC_f02ef.dir/CheckIncludeFile.c.o
/home/21303468/.linuxbrew/bin/cc     -o CMakeFiles/cmTC_f02ef.dir/CheckIncludeFile.c.o   -c /home/21303468/workspace/analyseEspaceRayons/exe/CMakeFiles/CMakeTmp/CheckIncludeFile.c
Linking C executable cmTC_f02ef
/home/21303468/.linuxbrew/Cellar/cmake/3.7.2/bin/cmake -E cmake_link_script CMakeFiles/cmTC_f02ef.dir/link.txt --verbose=1
/home/21303468/.linuxbrew/bin/cc       CMakeFiles/cmTC_f02ef.dir/CheckIncludeFile.c.o  -o cmTC_f02ef -rdynamic 
gmake[1] : on quitte le répertoire « /home/21303468/workspace/analyseEspaceRayons/exe/CMakeFiles/CMakeTmp »


Determining if the include file unistd.h exists passed with the following output:
Change Dir: /home/21303468/workspace/analyseEspaceRayons/exe/CMakeFiles/CMakeTmp

Run Build Command:"/usr/bin/gmake" "cmTC_55ab5/fast"
/usr/bin/gmake -f CMakeFiles/cmTC_55ab5.dir/build.make CMakeFiles/cmTC_55ab5.dir/build
gmake[1] : on entre dans le répertoire « /home/21303468/workspace/analyseEspaceRayons/exe/CMakeFiles/CMakeTmp »
Building C object CMakeFiles/cmTC_55ab5.dir/CheckIncludeFile.c.o
/home/21303468/.linuxbrew/bin/cc     -o CMakeFiles/cmTC_55ab5.dir/CheckIncludeFile.c.o   -c /home/21303468/workspace/analyseEspaceRayons/exe/CMakeFiles/CMakeTmp/CheckIncludeFile.c
Linking C executable cmTC_55ab5
/home/21303468/.linuxbrew/Cellar/cmake/3.7.2/bin/cmake -E cmake_link_script CMakeFiles/cmTC_55ab5.dir/link.txt --verbose=1
/home/21303468/.linuxbrew/bin/cc       CMakeFiles/cmTC_55ab5.dir/CheckIncludeFile.c.o  -o cmTC_55ab5 -rdynamic 
gmake[1] : on quitte le répertoire « /home/21303468/workspace/analyseEspaceRayons/exe/CMakeFiles/CMakeTmp »


Determining if the include file unwind.h exists passed with the following output:
Change Dir: /home/21303468/workspace/analyseEspaceRayons/exe/CMakeFiles/CMakeTmp

Run Build Command:"/usr/bin/gmake" "cmTC_1c91e/fast"
/usr/bin/gmake -f CMakeFiles/cmTC_1c91e.dir/build.make CMakeFiles/cmTC_1c91e.dir/build
gmake[1] : on entre dans le répertoire « /home/21303468/workspace/analyseEspaceRayons/exe/CMakeFiles/CMakeTmp »
Building C object CMakeFiles/cmTC_1c91e.dir/CheckIncludeFile.c.o
/home/21303468/.linuxbrew/bin/cc     -o CMakeFiles/cmTC_1c91e.dir/CheckIncludeFile.c.o   -c /home/21303468/workspace/analyseEspaceRayons/exe/CMakeFiles/CMakeTmp/CheckIncludeFile.c
Linking C executable cmTC_1c91e
/home/21303468/.linuxbrew/Cellar/cmake/3.7.2/bin/cmake -E cmake_link_script CMakeFiles/cmTC_1c91e.dir/link.txt --verbose=1
/home/21303468/.linuxbrew/bin/cc       CMakeFiles/cmTC_1c91e.dir/CheckIncludeFile.c.o  -o cmTC_1c91e -rdynamic 
gmake[1] : on quitte le répertoire « /home/21303468/workspace/analyseEspaceRayons/exe/CMakeFiles/CMakeTmp »


Determining if the include file ext/hash_map exists passed with the following output:
Change Dir: /home/21303468/workspace/analyseEspaceRayons/exe/CMakeFiles/CMakeTmp

Run Build Command:"/usr/bin/gmake" "cmTC_ae800/fast"
/usr/bin/gmake -f CMakeFiles/cmTC_ae800.dir/build.make CMakeFiles/cmTC_ae800.dir/build
gmake[1] : on entre dans le répertoire « /home/21303468/workspace/analyseEspaceRayons/exe/CMakeFiles/CMakeTmp »
Building CXX object CMakeFiles/cmTC_ae800.dir/CheckIncludeFile.cxx.o
/home/21303468/.linuxbrew/bin/c++     -std=gnu++11 -Wno-conversion-null    -o CMakeFiles/cmTC_ae800.dir/CheckIncludeFile.cxx.o -c /home/21303468/workspace/analyseEspaceRayons/exe/CMakeFiles/CMakeTmp/CheckIncludeFile.cxx
In file included from /home/21303468/.linuxbrew/Cellar/gcc/5.3.0/include/c++/5.3.0/ext/hash_map:60:0,
                 from /home/21303468/workspace/analyseEspaceRayons/exe/CMakeFiles/CMakeTmp/CheckIncludeFile.cxx:1:
/home/21303468/.linuxbrew/Cellar/gcc/5.3.0/include/c++/5.3.0/backward/backward_warning.h:32:2: warning: #warning This file includes at least one deprecated or antiquated header which may be removed without further notice at a future date. Please use a non-deprecated interface with equivalent functionality instead. For a listing of replacement headers and interfaces, consult the file backward_warning.h. To disable this warning use -Wno-deprecated. [-Wcpp]
 #warning \
  ^
Linking CXX executable cmTC_ae800
/home/21303468/.linuxbrew/Cellar/cmake/3.7.2/bin/cmake -E cmake_link_script CMakeFiles/cmTC_ae800.dir/link.txt --verbose=1
/home/21303468/.linuxbrew/bin/c++    -std=gnu++11 -Wno-conversion-null     CMakeFiles/cmTC_ae800.dir/CheckIncludeFile.cxx.o  -o cmTC_ae800 -rdynamic 
gmake[1] : on quitte le répertoire « /home/21303468/workspace/analyseEspaceRayons/exe/CMakeFiles/CMakeTmp »


Determining if the include file ext/hash_set exists passed with the following output:
Change Dir: /home/21303468/workspace/analyseEspaceRayons/exe/CMakeFiles/CMakeTmp

Run Build Command:"/usr/bin/gmake" "cmTC_23838/fast"
/usr/bin/gmake -f CMakeFiles/cmTC_23838.dir/build.make CMakeFiles/cmTC_23838.dir/build
gmake[1] : on entre dans le répertoire « /home/21303468/workspace/analyseEspaceRayons/exe/CMakeFiles/CMakeTmp »
Building CXX object CMakeFiles/cmTC_23838.dir/CheckIncludeFile.cxx.o
/home/21303468/.linuxbrew/bin/c++     -std=gnu++11 -Wno-conversion-null    -o CMakeFiles/cmTC_23838.dir/CheckIncludeFile.cxx.o -c /home/21303468/workspace/analyseEspaceRayons/exe/CMakeFiles/CMakeTmp/CheckIncludeFile.cxx
In file included from /home/21303468/.linuxbrew/Cellar/gcc/5.3.0/include/c++/5.3.0/ext/hash_set:60:0,
                 from /home/21303468/workspace/analyseEspaceRayons/exe/CMakeFiles/CMakeTmp/CheckIncludeFile.cxx:1:
/home/21303468/.linuxbrew/Cellar/gcc/5.3.0/include/c++/5.3.0/backward/backward_warning.h:32:2: warning: #warning This file includes at least one deprecated or antiquated header which may be removed without further notice at a future date. Please use a non-deprecated interface with equivalent functionality instead. For a listing of replacement headers and interfaces, consult the file backward_warning.h. To disable this warning use -Wno-deprecated. [-Wcpp]
 #warning \
  ^
Linking CXX executable cmTC_23838
/home/21303468/.linuxbrew/Cellar/cmake/3.7.2/bin/cmake -E cmake_link_script CMakeFiles/cmTC_23838.dir/link.txt --verbose=1
/home/21303468/.linuxbrew/bin/c++    -std=gnu++11 -Wno-conversion-null     CMakeFiles/cmTC_23838.dir/CheckIncludeFile.cxx.o  -o cmTC_23838 -rdynamic 
gmake[1] : on quitte le répertoire « /home/21303468/workspace/analyseEspaceRayons/exe/CMakeFiles/CMakeTmp »


Determining if the include file ext/slist exists passed with the following output:
Change Dir: /home/21303468/workspace/analyseEspaceRayons/exe/CMakeFiles/CMakeTmp

Run Build Command:"/usr/bin/gmake" "cmTC_81545/fast"
/usr/bin/gmake -f CMakeFiles/cmTC_81545.dir/build.make CMakeFiles/cmTC_81545.dir/build
gmake[1] : on entre dans le répertoire « /home/21303468/workspace/analyseEspaceRayons/exe/CMakeFiles/CMakeTmp »
Building CXX object CMakeFiles/cmTC_81545.dir/CheckIncludeFile.cxx.o
/home/21303468/.linuxbrew/bin/c++     -std=gnu++11 -Wno-conversion-null    -o CMakeFiles/cmTC_81545.dir/CheckIncludeFile.cxx.o -c /home/21303468/workspace/analyseEspaceRayons/exe/CMakeFiles/CMakeTmp/CheckIncludeFile.cxx
Linking CXX executable cmTC_81545
/home/21303468/.linuxbrew/Cellar/cmake/3.7.2/bin/cmake -E cmake_link_script CMakeFiles/cmTC_81545.dir/link.txt --verbose=1
/home/21303468/.linuxbrew/bin/c++    -std=gnu++11 -Wno-conversion-null     CMakeFiles/cmTC_81545.dir/CheckIncludeFile.cxx.o  -o cmTC_81545 -rdynamic 
gmake[1] : on quitte le répertoire « /home/21303468/workspace/analyseEspaceRayons/exe/CMakeFiles/CMakeTmp »


Determining if the include file tr1/unordered_map exists passed with the following output:
Change Dir: /home/21303468/workspace/analyseEspaceRayons/exe/CMakeFiles/CMakeTmp

Run Build Command:"/usr/bin/gmake" "cmTC_4ab62/fast"
/usr/bin/gmake -f CMakeFiles/cmTC_4ab62.dir/build.make CMakeFiles/cmTC_4ab62.dir/build
gmake[1] : on entre dans le répertoire « /home/21303468/workspace/analyseEspaceRayons/exe/CMakeFiles/CMakeTmp »
Building CXX object CMakeFiles/cmTC_4ab62.dir/CheckIncludeFile.cxx.o
/home/21303468/.linuxbrew/bin/c++     -std=gnu++11 -Wno-conversion-null    -o CMakeFiles/cmTC_4ab62.dir/CheckIncludeFile.cxx.o -c /home/21303468/workspace/analyseEspaceRayons/exe/CMakeFiles/CMakeTmp/CheckIncludeFile.cxx
Linking CXX executable cmTC_4ab62
/home/21303468/.linuxbrew/Cellar/cmake/3.7.2/bin/cmake -E cmake_link_script CMakeFiles/cmTC_4ab62.dir/link.txt --verbose=1
/home/21303468/.linuxbrew/bin/c++    -std=gnu++11 -Wno-conversion-null     CMakeFiles/cmTC_4ab62.dir/CheckIncludeFile.cxx.o  -o cmTC_4ab62 -rdynamic 
gmake[1] : on quitte le répertoire « /home/21303468/workspace/analyseEspaceRayons/exe/CMakeFiles/CMakeTmp »


Determining if the include file tr1/unordered_set exists passed with the following output:
Change Dir: /home/21303468/workspace/analyseEspaceRayons/exe/CMakeFiles/CMakeTmp

Run Build Command:"/usr/bin/gmake" "cmTC_75013/fast"
/usr/bin/gmake -f CMakeFiles/cmTC_75013.dir/build.make CMakeFiles/cmTC_75013.dir/build
gmake[1] : on entre dans le répertoire « /home/21303468/workspace/analyseEspaceRayons/exe/CMakeFiles/CMakeTmp »
Building CXX object CMakeFiles/cmTC_75013.dir/CheckIncludeFile.cxx.o
/home/21303468/.linuxbrew/bin/c++     -std=gnu++11 -Wno-conversion-null    -o CMakeFiles/cmTC_75013.dir/CheckIncludeFile.cxx.o -c /home/21303468/workspace/analyseEspaceRayons/exe/CMakeFiles/CMakeTmp/CheckIncludeFile.cxx
Linking CXX executable cmTC_75013
/home/21303468/.linuxbrew/Cellar/cmake/3.7.2/bin/cmake -E cmake_link_script CMakeFiles/cmTC_75013.dir/link.txt --verbose=1
/home/21303468/.linuxbrew/bin/c++    -std=gnu++11 -Wno-conversion-null     CMakeFiles/cmTC_75013.dir/CheckIncludeFile.cxx.o  -o cmTC_75013 -rdynamic 
gmake[1] : on quitte le répertoire « /home/21303468/workspace/analyseEspaceRayons/exe/CMakeFiles/CMakeTmp »


Determining if the include file unordered_map exists passed with the following output:
Change Dir: /home/21303468/workspace/analyseEspaceRayons/exe/CMakeFiles/CMakeTmp

Run Build Command:"/usr/bin/gmake" "cmTC_7f3ea/fast"
/usr/bin/gmake -f CMakeFiles/cmTC_7f3ea.dir/build.make CMakeFiles/cmTC_7f3ea.dir/build
gmake[1] : on entre dans le répertoire « /home/21303468/workspace/analyseEspaceRayons/exe/CMakeFiles/CMakeTmp »
Building CXX object CMakeFiles/cmTC_7f3ea.dir/CheckIncludeFile.cxx.o
/home/21303468/.linuxbrew/bin/c++     -std=gnu++11 -Wno-conversion-null    -o CMakeFiles/cmTC_7f3ea.dir/CheckIncludeFile.cxx.o -c /home/21303468/workspace/analyseEspaceRayons/exe/CMakeFiles/CMakeTmp/CheckIncludeFile.cxx
Linking CXX executable cmTC_7f3ea
/home/21303468/.linuxbrew/Cellar/cmake/3.7.2/bin/cmake -E cmake_link_script CMakeFiles/cmTC_7f3ea.dir/link.txt --verbose=1
/home/21303468/.linuxbrew/bin/c++    -std=gnu++11 -Wno-conversion-null     CMakeFiles/cmTC_7f3ea.dir/CheckIncludeFile.cxx.o  -o cmTC_7f3ea -rdynamic 
gmake[1] : on quitte le répertoire « /home/21303468/workspace/analyseEspaceRayons/exe/CMakeFiles/CMakeTmp »


Determining if the include file unordered_set exists passed with the following output:
Change Dir: /home/21303468/workspace/analyseEspaceRayons/exe/CMakeFiles/CMakeTmp

Run Build Command:"/usr/bin/gmake" "cmTC_ef872/fast"
/usr/bin/gmake -f CMakeFiles/cmTC_ef872.dir/build.make CMakeFiles/cmTC_ef872.dir/build
gmake[1] : on entre dans le répertoire « /home/21303468/workspace/analyseEspaceRayons/exe/CMakeFiles/CMakeTmp »
Building CXX object CMakeFiles/cmTC_ef872.dir/CheckIncludeFile.cxx.o
/home/21303468/.linuxbrew/bin/c++     -std=gnu++11 -Wno-conversion-null    -o CMakeFiles/cmTC_ef872.dir/CheckIncludeFile.cxx.o -c /home/21303468/workspace/analyseEspaceRayons/exe/CMakeFiles/CMakeTmp/CheckIncludeFile.cxx
Linking CXX executable cmTC_ef872
/home/21303468/.linuxbrew/Cellar/cmake/3.7.2/bin/cmake -E cmake_link_script CMakeFiles/cmTC_ef872.dir/link.txt --verbose=1
/home/21303468/.linuxbrew/bin/c++    -std=gnu++11 -Wno-conversion-null     CMakeFiles/cmTC_ef872.dir/CheckIncludeFile.cxx.o  -o cmTC_ef872 -rdynamic 
gmake[1] : on quitte le répertoire « /home/21303468/workspace/analyseEspaceRayons/exe/CMakeFiles/CMakeTmp »


Determining if the include file stddef.h exists passed with the following output:
Change Dir: /home/21303468/workspace/analyseEspaceRayons/exe/CMakeFiles/CMakeTmp

Run Build Command:"/usr/bin/gmake" "cmTC_e5345/fast"
/usr/bin/gmake -f CMakeFiles/cmTC_e5345.dir/build.make CMakeFiles/cmTC_e5345.dir/build
gmake[1] : on entre dans le répertoire « /home/21303468/workspace/analyseEspaceRayons/exe/CMakeFiles/CMakeTmp »
Building C object CMakeFiles/cmTC_e5345.dir/CheckIncludeFile.c.o
/home/21303468/.linuxbrew/bin/cc     -o CMakeFiles/cmTC_e5345.dir/CheckIncludeFile.c.o   -c /home/21303468/workspace/analyseEspaceRayons/exe/CMakeFiles/CMakeTmp/CheckIncludeFile.c
Linking C executable cmTC_e5345
/home/21303468/.linuxbrew/Cellar/cmake/3.7.2/bin/cmake -E cmake_link_script CMakeFiles/cmTC_e5345.dir/link.txt --verbose=1
/home/21303468/.linuxbrew/bin/cc       CMakeFiles/cmTC_e5345.dir/CheckIncludeFile.c.o  -o cmTC_e5345 -rdynamic 
gmake[1] : on quitte le répertoire « /home/21303468/workspace/analyseEspaceRayons/exe/CMakeFiles/CMakeTmp »


Determining size of u_int16_t passed with the following output:
Change Dir: /home/21303468/workspace/analyseEspaceRayons/exe/CMakeFiles/CMakeTmp

Run Build Command:"/usr/bin/gmake" "cmTC_f7285/fast"
/usr/bin/gmake -f CMakeFiles/cmTC_f7285.dir/build.make CMakeFiles/cmTC_f7285.dir/build
gmake[1] : on entre dans le répertoire « /home/21303468/workspace/analyseEspaceRayons/exe/CMakeFiles/CMakeTmp »
Building C object CMakeFiles/cmTC_f7285.dir/HAVE_U_INT16_T.c.o
/home/21303468/.linuxbrew/bin/cc     -o CMakeFiles/cmTC_f7285.dir/HAVE_U_INT16_T.c.o   -c /home/21303468/workspace/analyseEspaceRayons/exe/CMakeFiles/CheckTypeSize/HAVE_U_INT16_T.c
Linking C executable cmTC_f7285
/home/21303468/.linuxbrew/Cellar/cmake/3.7.2/bin/cmake -E cmake_link_script CMakeFiles/cmTC_f7285.dir/link.txt --verbose=1
/home/21303468/.linuxbrew/bin/cc       CMakeFiles/cmTC_f7285.dir/HAVE_U_INT16_T.c.o  -o cmTC_f7285 -rdynamic 
gmake[1] : on quitte le répertoire « /home/21303468/workspace/analyseEspaceRayons/exe/CMakeFiles/CMakeTmp »


Determining size of uint16_t passed with the following output:
Change Dir: /home/21303468/workspace/analyseEspaceRayons/exe/CMakeFiles/CMakeTmp

Run Build Command:"/usr/bin/gmake" "cmTC_2ecba/fast"
/usr/bin/gmake -f CMakeFiles/cmTC_2ecba.dir/build.make CMakeFiles/cmTC_2ecba.dir/build
gmake[1] : on entre dans le répertoire « /home/21303468/workspace/analyseEspaceRayons/exe/CMakeFiles/CMakeTmp »
Building C object CMakeFiles/cmTC_2ecba.dir/HAVE_UINT16_T.c.o
/home/21303468/.linuxbrew/bin/cc     -o CMakeFiles/cmTC_2ecba.dir/HAVE_UINT16_T.c.o   -c /home/21303468/workspace/analyseEspaceRayons/exe/CMakeFiles/CheckTypeSize/HAVE_UINT16_T.c
Linking C executable cmTC_2ecba
/home/21303468/.linuxbrew/Cellar/cmake/3.7.2/bin/cmake -E cmake_link_script CMakeFiles/cmTC_2ecba.dir/link.txt --verbose=1
/home/21303468/.linuxbrew/bin/cc       CMakeFiles/cmTC_2ecba.dir/HAVE_UINT16_T.c.o  -o cmTC_2ecba -rdynamic 
gmake[1] : on quitte le répertoire « /home/21303468/workspace/analyseEspaceRayons/exe/CMakeFiles/CMakeTmp »


Determining if the function fcntl exists passed with the following output:
Change Dir: /home/21303468/workspace/analyseEspaceRayons/exe/CMakeFiles/CMakeTmp

Run Build Command:"/usr/bin/gmake" "cmTC_02dfe/fast"
/usr/bin/gmake -f CMakeFiles/cmTC_02dfe.dir/build.make CMakeFiles/cmTC_02dfe.dir/build
gmake[1] : on entre dans le répertoire « /home/21303468/workspace/analyseEspaceRayons/exe/CMakeFiles/CMakeTmp »
Building C object CMakeFiles/cmTC_02dfe.dir/CheckFunctionExists.c.o
/home/21303468/.linuxbrew/bin/cc    -DCHECK_FUNCTION_EXISTS=fcntl   -o CMakeFiles/cmTC_02dfe.dir/CheckFunctionExists.c.o   -c /home/21303468/.linuxbrew/Cellar/cmake/3.7.2/share/cmake/Modules/CheckFunctionExists.c
Linking C executable cmTC_02dfe
/home/21303468/.linuxbrew/Cellar/cmake/3.7.2/bin/cmake -E cmake_link_script CMakeFiles/cmTC_02dfe.dir/link.txt --verbose=1
/home/21303468/.linuxbrew/bin/cc   -DCHECK_FUNCTION_EXISTS=fcntl    CMakeFiles/cmTC_02dfe.dir/CheckFunctionExists.c.o  -o cmTC_02dfe -rdynamic 
gmake[1] : on quitte le répertoire « /home/21303468/workspace/analyseEspaceRayons/exe/CMakeFiles/CMakeTmp »


Determining if the function pread exists passed with the following output:
Change Dir: /home/21303468/workspace/analyseEspaceRayons/exe/CMakeFiles/CMakeTmp

Run Build Command:"/usr/bin/gmake" "cmTC_2c56b/fast"
/usr/bin/gmake -f CMakeFiles/cmTC_2c56b.dir/build.make CMakeFiles/cmTC_2c56b.dir/build
gmake[1] : on entre dans le répertoire « /home/21303468/workspace/analyseEspaceRayons/exe/CMakeFiles/CMakeTmp »
Building C object CMakeFiles/cmTC_2c56b.dir/CheckFunctionExists.c.o
/home/21303468/.linuxbrew/bin/cc    -DCHECK_FUNCTION_EXISTS=pread   -o CMakeFiles/cmTC_2c56b.dir/CheckFunctionExists.c.o   -c /home/21303468/.linuxbrew/Cellar/cmake/3.7.2/share/cmake/Modules/CheckFunctionExists.c
Linking C executable cmTC_2c56b
/home/21303468/.linuxbrew/Cellar/cmake/3.7.2/bin/cmake -E cmake_link_script CMakeFiles/cmTC_2c56b.dir/link.txt --verbose=1
/home/21303468/.linuxbrew/bin/cc   -DCHECK_FUNCTION_EXISTS=pread    CMakeFiles/cmTC_2c56b.dir/CheckFunctionExists.c.o  -o cmTC_2c56b -rdynamic 
gmake[1] : on quitte le répertoire « /home/21303468/workspace/analyseEspaceRayons/exe/CMakeFiles/CMakeTmp »


Determining if the function pwrite exists passed with the following output:
Change Dir: /home/21303468/workspace/analyseEspaceRayons/exe/CMakeFiles/CMakeTmp

Run Build Command:"/usr/bin/gmake" "cmTC_099a0/fast"
/usr/bin/gmake -f CMakeFiles/cmTC_099a0.dir/build.make CMakeFiles/cmTC_099a0.dir/build
gmake[1] : on entre dans le répertoire « /home/21303468/workspace/analyseEspaceRayons/exe/CMakeFiles/CMakeTmp »
Building C object CMakeFiles/cmTC_099a0.dir/CheckFunctionExists.c.o
/home/21303468/.linuxbrew/bin/cc    -DCHECK_FUNCTION_EXISTS=pwrite   -o CMakeFiles/cmTC_099a0.dir/CheckFunctionExists.c.o   -c /home/21303468/.linuxbrew/Cellar/cmake/3.7.2/share/cmake/Modules/CheckFunctionExists.c
Linking C executable cmTC_099a0
/home/21303468/.linuxbrew/Cellar/cmake/3.7.2/bin/cmake -E cmake_link_script CMakeFiles/cmTC_099a0.dir/link.txt --verbose=1
/home/21303468/.linuxbrew/bin/cc   -DCHECK_FUNCTION_EXISTS=pwrite    CMakeFiles/cmTC_099a0.dir/CheckFunctionExists.c.o  -o cmTC_099a0 -rdynamic 
gmake[1] : on quitte le répertoire « /home/21303468/workspace/analyseEspaceRayons/exe/CMakeFiles/CMakeTmp »


Determining if the function sigaction exists passed with the following output:
Change Dir: /home/21303468/workspace/analyseEspaceRayons/exe/CMakeFiles/CMakeTmp

Run Build Command:"/usr/bin/gmake" "cmTC_0fa45/fast"
/usr/bin/gmake -f CMakeFiles/cmTC_0fa45.dir/build.make CMakeFiles/cmTC_0fa45.dir/build
gmake[1] : on entre dans le répertoire « /home/21303468/workspace/analyseEspaceRayons/exe/CMakeFiles/CMakeTmp »
Building C object CMakeFiles/cmTC_0fa45.dir/CheckFunctionExists.c.o
/home/21303468/.linuxbrew/bin/cc    -DCHECK_FUNCTION_EXISTS=sigaction   -o CMakeFiles/cmTC_0fa45.dir/CheckFunctionExists.c.o   -c /home/21303468/.linuxbrew/Cellar/cmake/3.7.2/share/cmake/Modules/CheckFunctionExists.c
Linking C executable cmTC_0fa45
/home/21303468/.linuxbrew/Cellar/cmake/3.7.2/bin/cmake -E cmake_link_script CMakeFiles/cmTC_0fa45.dir/link.txt --verbose=1
/home/21303468/.linuxbrew/bin/cc   -DCHECK_FUNCTION_EXISTS=sigaction    CMakeFiles/cmTC_0fa45.dir/CheckFunctionExists.c.o  -o cmTC_0fa45 -rdynamic 
gmake[1] : on quitte le répertoire « /home/21303468/workspace/analyseEspaceRayons/exe/CMakeFiles/CMakeTmp »


Determining if the function sigaltstack exists passed with the following output:
Change Dir: /home/21303468/workspace/analyseEspaceRayons/exe/CMakeFiles/CMakeTmp

Run Build Command:"/usr/bin/gmake" "cmTC_c5003/fast"
/usr/bin/gmake -f CMakeFiles/cmTC_c5003.dir/build.make CMakeFiles/cmTC_c5003.dir/build
gmake[1] : on entre dans le répertoire « /home/21303468/workspace/analyseEspaceRayons/exe/CMakeFiles/CMakeTmp »
Building C object CMakeFiles/cmTC_c5003.dir/CheckFunctionExists.c.o
/home/21303468/.linuxbrew/bin/cc    -DCHECK_FUNCTION_EXISTS=sigaltstack   -o CMakeFiles/cmTC_c5003.dir/CheckFunctionExists.c.o   -c /home/21303468/.linuxbrew/Cellar/cmake/3.7.2/share/cmake/Modules/CheckFunctionExists.c
Linking C executable cmTC_c5003
/home/21303468/.linuxbrew/Cellar/cmake/3.7.2/bin/cmake -E cmake_link_script CMakeFiles/cmTC_c5003.dir/link.txt --verbose=1
/home/21303468/.linuxbrew/bin/cc   -DCHECK_FUNCTION_EXISTS=sigaltstack    CMakeFiles/cmTC_c5003.dir/CheckFunctionExists.c.o  -o cmTC_c5003 -rdynamic 
gmake[1] : on quitte le répertoire « /home/21303468/workspace/analyseEspaceRayons/exe/CMakeFiles/CMakeTmp »


Performing C++ SOURCE FILE Test HAVE_NO_DEPRECATED succeeded with the following output:
Change Dir: /home/21303468/workspace/analyseEspaceRayons/exe/CMakeFiles/CMakeTmp

Run Build Command:"/usr/bin/gmake" "cmTC_f717e/fast"
/usr/bin/gmake -f CMakeFiles/cmTC_f717e.dir/build.make CMakeFiles/cmTC_f717e.dir/build
gmake[1]: Entering directory `/home/21303468/workspace/analyseEspaceRayons/exe/CMakeFiles/CMakeTmp'
Building CXX object CMakeFiles/cmTC_f717e.dir/src.cxx.o
/home/21303468/.linuxbrew/bin/c++     -std=gnu++11 -Wno-conversion-null -DHAVE_NO_DEPRECATED   -Wno-deprecated -o CMakeFiles/cmTC_f717e.dir/src.cxx.o -c /home/21303468/workspace/analyseEspaceRayons/exe/CMakeFiles/CMakeTmp/src.cxx
Linking CXX executable cmTC_f717e
/home/21303468/.linuxbrew/Cellar/cmake/3.7.2/bin/cmake -E cmake_link_script CMakeFiles/cmTC_f717e.dir/link.txt --verbose=1
/home/21303468/.linuxbrew/bin/c++    -std=gnu++11 -Wno-conversion-null -DHAVE_NO_DEPRECATED    CMakeFiles/cmTC_f717e.dir/src.cxx.o  -o cmTC_f717e -rdynamic 
gmake[1]: Leaving directory `/home/21303468/workspace/analyseEspaceRayons/exe/CMakeFiles/CMakeTmp'

Source file was:
int main() { return 0; }
Performing C++ SOURCE FILE Test HAVE_NO_UNNAMED_TYPE_TEMPLATE_ARGS succeeded with the following output:
Change Dir: /home/21303468/workspace/analyseEspaceRayons/exe/CMakeFiles/CMakeTmp

Run Build Command:"/usr/bin/gmake" "cmTC_558bb/fast"
/usr/bin/gmake -f CMakeFiles/cmTC_558bb.dir/build.make CMakeFiles/cmTC_558bb.dir/build
gmake[1]: Entering directory `/home/21303468/workspace/analyseEspaceRayons/exe/CMakeFiles/CMakeTmp'
Building CXX object CMakeFiles/cmTC_558bb.dir/src.cxx.o
/home/21303468/.linuxbrew/bin/c++     -std=gnu++11 -Wno-conversion-null -DHAVE_NO_UNNAMED_TYPE_TEMPLATE_ARGS   -Wno-unnamed-type-template-args -o CMakeFiles/cmTC_558bb.dir/src.cxx.o -c /home/21303468/workspace/analyseEspaceRayons/exe/CMakeFiles/CMakeTmp/src.cxx
Linking CXX executable cmTC_558bb
/home/21303468/.linuxbrew/Cellar/cmake/3.7.2/bin/cmake -E cmake_link_script CMakeFiles/cmTC_558bb.dir/link.txt --verbose=1
/home/21303468/.linuxbrew/bin/c++    -std=gnu++11 -Wno-conversion-null -DHAVE_NO_UNNAMED_TYPE_TEMPLATE_ARGS    CMakeFiles/cmTC_558bb.dir/src.cxx.o  -o cmTC_558bb -rdynamic 
gmake[1]: Leaving directory `/home/21303468/workspace/analyseEspaceRayons/exe/CMakeFiles/CMakeTmp'

Source file was:
int main() { return 0; }
Determining if the snprintf exist passed with the following output:
Change Dir: /home/21303468/workspace/analyseEspaceRayons/exe/CMakeFiles/CMakeTmp

Run Build Command:"/usr/bin/gmake" "cmTC_7f061/fast"
/usr/bin/gmake -f CMakeFiles/cmTC_7f061.dir/build.make CMakeFiles/cmTC_7f061.dir/build
gmake[1] : on entre dans le répertoire « /home/21303468/workspace/analyseEspaceRayons/exe/CMakeFiles/CMakeTmp »
Building C object CMakeFiles/cmTC_7f061.dir/CheckSymbolExists.c.o
/home/21303468/.linuxbrew/bin/cc     -o CMakeFiles/cmTC_7f061.dir/CheckSymbolExists.c.o   -c /home/21303468/workspace/analyseEspaceRayons/exe/CMakeFiles/CMakeTmp/CheckSymbolExists.c
Linking C executable cmTC_7f061
/home/21303468/.linuxbrew/Cellar/cmake/3.7.2/bin/cmake -E cmake_link_script CMakeFiles/cmTC_7f061.dir/link.txt --verbose=1
/home/21303468/.linuxbrew/bin/cc       CMakeFiles/cmTC_7f061.dir/CheckSymbolExists.c.o  -o cmTC_7f061 -rdynamic 
gmake[1] : on quitte le répertoire « /home/21303468/workspace/analyseEspaceRayons/exe/CMakeFiles/CMakeTmp »

File /home/21303468/workspace/analyseEspaceRayons/exe/CMakeFiles/CMakeTmp/CheckSymbolExists.c:
/* */
#include <stdio.h>

int main(int argc, char** argv)
{
  (void)argv;
#ifndef snprintf
  return ((int*)(&snprintf))[argc];
#else
  (void)argc;
  return 0;
#endif
}

Performing C SOURCE FILE Test HAVE___ATTRIBUTE__ succeeded with the following output:
Change Dir: /home/21303468/workspace/analyseEspaceRayons/exe/CMakeFiles/CMakeTmp

Run Build Command:"/usr/bin/gmake" "cmTC_aa8f5/fast"
/usr/bin/gmake -f CMakeFiles/cmTC_aa8f5.dir/build.make CMakeFiles/cmTC_aa8f5.dir/build
gmake[1] : on entre dans le répertoire « /home/21303468/workspace/analyseEspaceRayons/exe/CMakeFiles/CMakeTmp »
Building C object CMakeFiles/cmTC_aa8f5.dir/src.c.o
/home/21303468/.linuxbrew/bin/cc    -DHAVE___ATTRIBUTE__   -o CMakeFiles/cmTC_aa8f5.dir/src.c.o   -c /home/21303468/workspace/analyseEspaceRayons/exe/CMakeFiles/CMakeTmp/src.c
Linking C executable cmTC_aa8f5
/home/21303468/.linuxbrew/Cellar/cmake/3.7.2/bin/cmake -E cmake_link_script CMakeFiles/cmTC_aa8f5.dir/link.txt --verbose=1
/home/21303468/.linuxbrew/bin/cc   -DHAVE___ATTRIBUTE__    CMakeFiles/cmTC_aa8f5.dir/src.c.o  -o cmTC_aa8f5 -rdynamic 
gmake[1] : on quitte le répertoire « /home/21303468/workspace/analyseEspaceRayons/exe/CMakeFiles/CMakeTmp »

Source file was:

#include <stdlib.h>
static void foo(void) __attribute__ ((unused));
int main(void) { return 0; }

Performing C SOURCE FILE Test HAVE___ATTRIBUTE__VISIBILITY_DEFAULT succeeded with the following output:
Change Dir: /home/21303468/workspace/analyseEspaceRayons/exe/CMakeFiles/CMakeTmp

Run Build Command:"/usr/bin/gmake" "cmTC_5070b/fast"
/usr/bin/gmake -f CMakeFiles/cmTC_5070b.dir/build.make CMakeFiles/cmTC_5070b.dir/build
gmake[1] : on entre dans le répertoire « /home/21303468/workspace/analyseEspaceRayons/exe/CMakeFiles/CMakeTmp »
Building C object CMakeFiles/cmTC_5070b.dir/src.c.o
/home/21303468/.linuxbrew/bin/cc    -DHAVE___ATTRIBUTE__VISIBILITY_DEFAULT   -o CMakeFiles/cmTC_5070b.dir/src.c.o   -c /home/21303468/workspace/analyseEspaceRayons/exe/CMakeFiles/CMakeTmp/src.c
/home/21303468/workspace/analyseEspaceRayons/exe/CMakeFiles/CMakeTmp/src.c:3:1: warning: 'visibility' attribute ignored [-Wattributes]
 static void foo(void) __attribute__ ((visibility("default")));
 ^
Linking C executable cmTC_5070b
/home/21303468/.linuxbrew/Cellar/cmake/3.7.2/bin/cmake -E cmake_link_script CMakeFiles/cmTC_5070b.dir/link.txt --verbose=1
/home/21303468/.linuxbrew/bin/cc   -DHAVE___ATTRIBUTE__VISIBILITY_DEFAULT    CMakeFiles/cmTC_5070b.dir/src.c.o  -o cmTC_5070b -rdynamic 
gmake[1] : on quitte le répertoire « /home/21303468/workspace/analyseEspaceRayons/exe/CMakeFiles/CMakeTmp »

Source file was:

#include <stdlib.h>
static void foo(void) __attribute__ ((visibility("default")));
int main(void) { return 0; }

Performing C SOURCE FILE Test HAVE___ATTRIBUTE__VISIBILITY_HIDDEN succeeded with the following output:
Change Dir: /home/21303468/workspace/analyseEspaceRayons/exe/CMakeFiles/CMakeTmp

Run Build Command:"/usr/bin/gmake" "cmTC_8d7e5/fast"
/usr/bin/gmake -f CMakeFiles/cmTC_8d7e5.dir/build.make CMakeFiles/cmTC_8d7e5.dir/build
gmake[1] : on entre dans le répertoire « /home/21303468/workspace/analyseEspaceRayons/exe/CMakeFiles/CMakeTmp »
Building C object CMakeFiles/cmTC_8d7e5.dir/src.c.o
/home/21303468/.linuxbrew/bin/cc    -DHAVE___ATTRIBUTE__VISIBILITY_HIDDEN   -o CMakeFiles/cmTC_8d7e5.dir/src.c.o   -c /home/21303468/workspace/analyseEspaceRayons/exe/CMakeFiles/CMakeTmp/src.c
/home/21303468/workspace/analyseEspaceRayons/exe/CMakeFiles/CMakeTmp/src.c:3:1: warning: 'visibility' attribute ignored [-Wattributes]
 static void foo(void) __attribute__ ((visibility("hidden")));
 ^
Linking C executable cmTC_8d7e5
/home/21303468/.linuxbrew/Cellar/cmake/3.7.2/bin/cmake -E cmake_link_script CMakeFiles/cmTC_8d7e5.dir/link.txt --verbose=1
/home/21303468/.linuxbrew/bin/cc   -DHAVE___ATTRIBUTE__VISIBILITY_HIDDEN    CMakeFiles/cmTC_8d7e5.dir/src.c.o  -o cmTC_8d7e5 -rdynamic 
gmake[1] : on quitte le répertoire « /home/21303468/workspace/analyseEspaceRayons/exe/CMakeFiles/CMakeTmp »

Source file was:

#include <stdlib.h>
static void foo(void) __attribute__ ((visibility("hidden")));
int main(void) { return 0; }

Performing C SOURCE FILE Test HAVE___BUILTIN_EXPECT succeeded with the following output:
Change Dir: /home/21303468/workspace/analyseEspaceRayons/exe/CMakeFiles/CMakeTmp

Run Build Command:"/usr/bin/gmake" "cmTC_4c691/fast"
/usr/bin/gmake -f CMakeFiles/cmTC_4c691.dir/build.make CMakeFiles/cmTC_4c691.dir/build
gmake[1] : on entre dans le répertoire « /home/21303468/workspace/analyseEspaceRayons/exe/CMakeFiles/CMakeTmp »
Building C object CMakeFiles/cmTC_4c691.dir/src.c.o
/home/21303468/.linuxbrew/bin/cc    -DHAVE___BUILTIN_EXPECT   -o CMakeFiles/cmTC_4c691.dir/src.c.o   -c /home/21303468/workspace/analyseEspaceRayons/exe/CMakeFiles/CMakeTmp/src.c
Linking C executable cmTC_4c691
/home/21303468/.linuxbrew/Cellar/cmake/3.7.2/bin/cmake -E cmake_link_script CMakeFiles/cmTC_4c691.dir/link.txt --verbose=1
/home/21303468/.linuxbrew/bin/cc   -DHAVE___BUILTIN_EXPECT    CMakeFiles/cmTC_4c691.dir/src.c.o  -o cmTC_4c691 -rdynamic 
gmake[1] : on quitte le répertoire « /home/21303468/workspace/analyseEspaceRayons/exe/CMakeFiles/CMakeTmp »

Source file was:

int main(void) { if (__builtin_expect(0, 0)) return 1; return 0; }

Performing C SOURCE FILE Test HAVE___SYNC_VAL_COMPARE_AND_SWAP succeeded with the following output:
Change Dir: /home/21303468/workspace/analyseEspaceRayons/exe/CMakeFiles/CMakeTmp

Run Build Command:"/usr/bin/gmake" "cmTC_bba01/fast"
/usr/bin/gmake -f CMakeFiles/cmTC_bba01.dir/build.make CMakeFiles/cmTC_bba01.dir/build
gmake[1] : on entre dans le répertoire « /home/21303468/workspace/analyseEspaceRayons/exe/CMakeFiles/CMakeTmp »
Building C object CMakeFiles/cmTC_bba01.dir/src.c.o
/home/21303468/.linuxbrew/bin/cc    -DHAVE___SYNC_VAL_COMPARE_AND_SWAP   -o CMakeFiles/cmTC_bba01.dir/src.c.o   -c /home/21303468/workspace/analyseEspaceRayons/exe/CMakeFiles/CMakeTmp/src.c
Linking C executable cmTC_bba01
/home/21303468/.linuxbrew/Cellar/cmake/3.7.2/bin/cmake -E cmake_link_script CMakeFiles/cmTC_bba01.dir/link.txt --verbose=1
/home/21303468/.linuxbrew/bin/cc   -DHAVE___SYNC_VAL_COMPARE_AND_SWAP    CMakeFiles/cmTC_bba01.dir/src.c.o  -o cmTC_bba01 -rdynamic 
gmake[1] : on quitte le répertoire « /home/21303468/workspace/analyseEspaceRayons/exe/CMakeFiles/CMakeTmp »

Source file was:

int main(void)
{
  int a; if (__sync_val_compare_and_swap(&a, 0, 1)) return 1; return 0;
}

Performing C++ SOURCE FILE Test STL_STD_NAMESPACE succeeded with the following output:
Change Dir: /home/21303468/workspace/analyseEspaceRayons/exe/CMakeFiles/CMakeTmp

Run Build Command:"/usr/bin/gmake" "cmTC_8fc26/fast"
/usr/bin/gmake -f CMakeFiles/cmTC_8fc26.dir/build.make CMakeFiles/cmTC_8fc26.dir/build
gmake[1] : on entre dans le répertoire « /home/21303468/workspace/analyseEspaceRayons/exe/CMakeFiles/CMakeTmp »
Building CXX object CMakeFiles/cmTC_8fc26.dir/src.cxx.o
/home/21303468/.linuxbrew/bin/c++     -std=gnu++11 -Wno-conversion-null -DSTL_STD_NAMESPACE   -o CMakeFiles/cmTC_8fc26.dir/src.cxx.o -c /home/21303468/workspace/analyseEspaceRayons/exe/CMakeFiles/CMakeTmp/src.cxx
Linking CXX executable cmTC_8fc26
/home/21303468/.linuxbrew/Cellar/cmake/3.7.2/bin/cmake -E cmake_link_script CMakeFiles/cmTC_8fc26.dir/link.txt --verbose=1
/home/21303468/.linuxbrew/bin/c++    -std=gnu++11 -Wno-conversion-null -DSTL_STD_NAMESPACE    CMakeFiles/cmTC_8fc26.dir/src.cxx.o  -o cmTC_8fc26 -rdynamic 
gmake[1] : on quitte le répertoire « /home/21303468/workspace/analyseEspaceRayons/exe/CMakeFiles/CMakeTmp »

Source file was:

#include <vector>
std::vector<int> t; int main() { }

Performing C++ SOURCE FILE Test HAVE_USING_OPERATOR succeeded with the following output:
Change Dir: /home/21303468/workspace/analyseEspaceRayons/exe/CMakeFiles/CMakeTmp

Run Build Command:"/usr/bin/gmake" "cmTC_d245f/fast"
/usr/bin/gmake -f CMakeFiles/cmTC_d245f.dir/build.make CMakeFiles/cmTC_d245f.dir/build
gmake[1] : on entre dans le répertoire « /home/21303468/workspace/analyseEspaceRayons/exe/CMakeFiles/CMakeTmp »
Building CXX object CMakeFiles/cmTC_d245f.dir/src.cxx.o
/home/21303468/.linuxbrew/bin/c++     -std=gnu++11 -Wno-conversion-null -DHAVE_USING_OPERATOR   -o CMakeFiles/cmTC_d245f.dir/src.cxx.o -c /home/21303468/workspace/analyseEspaceRayons/exe/CMakeFiles/CMakeTmp/src.cxx
Linking CXX executable cmTC_d245f
/home/21303468/.linuxbrew/Cellar/cmake/3.7.2/bin/cmake -E cmake_link_script CMakeFiles/cmTC_d245f.dir/link.txt --verbose=1
/home/21303468/.linuxbrew/bin/c++    -std=gnu++11 -Wno-conversion-null -DHAVE_USING_OPERATOR    CMakeFiles/cmTC_d245f.dir/src.cxx.o  -o cmTC_d245f -rdynamic 
gmake[1] : on quitte le répertoire « /home/21303468/workspace/analyseEspaceRayons/exe/CMakeFiles/CMakeTmp »

Source file was:

#include <iostream>
std::ostream& operator<<(std::ostream&, struct s);
using ::operator<<;
int main() { }

Performing C++ SOURCE FILE Test HAVE_NAMESPACES succeeded with the following output:
Change Dir: /home/21303468/workspace/analyseEspaceRayons/exe/CMakeFiles/CMakeTmp

Run Build Command:"/usr/bin/gmake" "cmTC_f9eef/fast"
/usr/bin/gmake -f CMakeFiles/cmTC_f9eef.dir/build.make CMakeFiles/cmTC_f9eef.dir/build
gmake[1] : on entre dans le répertoire « /home/21303468/workspace/analyseEspaceRayons/exe/CMakeFiles/CMakeTmp »
Building CXX object CMakeFiles/cmTC_f9eef.dir/src.cxx.o
/home/21303468/.linuxbrew/bin/c++     -std=gnu++11 -Wno-conversion-null -DHAVE_NAMESPACES   -o CMakeFiles/cmTC_f9eef.dir/src.cxx.o -c /home/21303468/workspace/analyseEspaceRayons/exe/CMakeFiles/CMakeTmp/src.cxx
Linking CXX executable cmTC_f9eef
/home/21303468/.linuxbrew/Cellar/cmake/3.7.2/bin/cmake -E cmake_link_script CMakeFiles/cmTC_f9eef.dir/link.txt --verbose=1
/home/21303468/.linuxbrew/bin/c++    -std=gnu++11 -Wno-conversion-null -DHAVE_NAMESPACES    CMakeFiles/cmTC_f9eef.dir/src.cxx.o  -o cmTC_f9eef -rdynamic 
gmake[1] : on quitte le répertoire « /home/21303468/workspace/analyseEspaceRayons/exe/CMakeFiles/CMakeTmp »

Source file was:

namespace Outer { namespace Inner { int i = 0; }}
using namespace Outer::Inner;;
int main() { return i; }

