Terminaux inutilisés dans la grammaire

   ID


Grammaire

    0 $accept: start $end

    1 start: pbrt_stmt_list

    2 array_init: /* vide */

    3 string_array_init: /* vide */

    4 num_array_init: /* vide */

    5 array: string_array
    6      | num_array

    7 string_array: array_init LBRACK string_list RBRACK
    8             | single_element_string_array

    9 single_element_string_array: array_init string_list_entry

   10 string_list: string_list string_list_entry
   11            | string_list_entry

   12 string_list_entry: string_array_init STRING

   13 num_array: array_init LBRACK num_list RBRACK
   14          | single_element_num_array

   15 single_element_num_array: array_init num_list_entry

   16 num_list: num_list num_list_entry
   17         | num_list_entry

   18 num_list_entry: num_array_init NUM

   19 paramlist: paramlist_init paramlist_contents

   20 paramlist_init: /* vide */

   21 paramlist_contents: paramlist_entry paramlist_contents
   22                   | /* vide */

   23 paramlist_entry: STRING array

   24 pbrt_stmt_list: pbrt_stmt_list pbrt_stmt
   25               | pbrt_stmt

   26 pbrt_stmt: ACCELERATOR STRING paramlist
   27          | ACTIVETRANSFORM ALL
   28          | ACTIVETRANSFORM ENDTIME
   29          | ACTIVETRANSFORM STARTTIME
   30          | AREALIGHTSOURCE STRING paramlist
   31          | ATTRIBUTEBEGIN
   32          | ATTRIBUTEEND
   33          | CAMERA STRING paramlist
   34          | CONCATTRANSFORM num_array
   35          | COORDINATESYSTEM STRING
   36          | COORDSYSTRANSFORM STRING
   37          | FILM STRING paramlist
   38          | IDENTITY
   39          | INCLUDE STRING
   40          | LIGHTSOURCE STRING paramlist
   41          | LOOKAT NUM NUM NUM NUM NUM NUM NUM NUM NUM
   42          | MAKENAMEDMATERIAL STRING paramlist
   43          | MAKENAMEDMEDIUM STRING paramlist
   44          | MATERIAL STRING paramlist
   45          | MEDIUMINTERFACE STRING
   46          | MEDIUMINTERFACE STRING STRING
   47          | NAMEDMATERIAL STRING
   48          | OBJECTBEGIN STRING
   49          | OBJECTEND
   50          | OBJECTINSTANCE STRING
   51          | PIXELFILTER STRING paramlist
   52          | REVERSEORIENTATION
   53          | ROTATE NUM NUM NUM NUM
   54          | SAMPLER STRING paramlist
   55          | SCALE NUM NUM NUM
   56          | SHAPE STRING paramlist
   57          | INTEGRATOR STRING paramlist
   58          | TEXTURE STRING STRING STRING paramlist
   59          | TRANSFORMBEGIN
   60          | TRANSFORMEND
   61          | TRANSFORMTIMES NUM NUM
   62          | TRANSFORM num_array
   63          | TRANSLATE NUM NUM NUM
   64          | WORLDBEGIN
   65          | WORLDEND


Terminaux, suivis des règles où ils apparaissent

$end (0) 0
error (256)
STRING (258) 12 23 26 30 33 35 36 37 39 40 42 43 44 45 46 47 48 50
    51 54 56 57 58
ID (259)
NUM (260) 18 41 53 55 61 63
LBRACK (261) 7 13
RBRACK (262) 7 13
ACCELERATOR (263) 26
ACTIVETRANSFORM (264) 27 28 29
ALL (265) 27
AREALIGHTSOURCE (266) 30
ATTRIBUTEBEGIN (267) 31
ATTRIBUTEEND (268) 32
CAMERA (269) 33
CONCATTRANSFORM (270) 34
COORDINATESYSTEM (271) 35
COORDSYSTRANSFORM (272) 36
ENDTIME (273) 28
FILM (274) 37
IDENTITY (275) 38
INCLUDE (276) 39
LIGHTSOURCE (277) 40
LOOKAT (278) 41
MAKENAMEDMATERIAL (279) 42
MAKENAMEDMEDIUM (280) 43
MATERIAL (281) 44
MEDIUMINTERFACE (282) 45 46
NAMEDMATERIAL (283) 47
OBJECTBEGIN (284) 48
OBJECTEND (285) 49
OBJECTINSTANCE (286) 50
PIXELFILTER (287) 51
REVERSEORIENTATION (288) 52
ROTATE (289) 53
SAMPLER (290) 54
SCALE (291) 55
SHAPE (292) 56
STARTTIME (293) 29
INTEGRATOR (294) 57
TEXTURE (295) 58
TRANSFORMBEGIN (296) 59
TRANSFORMEND (297) 60
TRANSFORMTIMES (298) 61
TRANSFORM (299) 62
TRANSLATE (300) 63
WORLDBEGIN (301) 64
WORLDEND (302) 65
HIGH_PRECEDENCE (303)


Non-terminaux, suivis des règles où ils apparaissent

$accept (49)
    à gauche: 0
start (50)
    à gauche: 1, à droite: 0
array_init (51)
    à gauche: 2, à droite: 7 9 13 15
string_array_init (52)
    à gauche: 3, à droite: 12
num_array_init (53)
    à gauche: 4, à droite: 18
array (54)
    à gauche: 5 6, à droite: 23
string_array (55)
    à gauche: 7 8, à droite: 5
single_element_string_array (56)
    à gauche: 9, à droite: 8
string_list (57)
    à gauche: 10 11, à droite: 7 10
string_list_entry (58)
    à gauche: 12, à droite: 9 10 11
num_array (59)
    à gauche: 13 14, à droite: 6 34 62
single_element_num_array (60)
    à gauche: 15, à droite: 14
num_list (61)
    à gauche: 16 17, à droite: 13 16
num_list_entry (62)
    à gauche: 18, à droite: 15 16 17
paramlist (63)
    à gauche: 19, à droite: 26 30 33 37 40 42 43 44 51 54 56 57 58
paramlist_init (64)
    à gauche: 20, à droite: 19
paramlist_contents (65)
    à gauche: 21 22, à droite: 19 21
paramlist_entry (66)
    à gauche: 23, à droite: 21
pbrt_stmt_list (67)
    à gauche: 24 25, à droite: 1 24
pbrt_stmt (68)
    à gauche: 26 27 28 29 30 31 32 33 34 35 36 37 38 39 40 41 42 43
    44 45 46 47 48 49 50 51 52 53 54 55 56 57 58 59 60 61 62 63 64
    65, à droite: 24 25


état 0

    0 $accept: . start $end

    ACCELERATOR         décalage et aller à l'état 1
    ACTIVETRANSFORM     décalage et aller à l'état 2
    AREALIGHTSOURCE     décalage et aller à l'état 3
    ATTRIBUTEBEGIN      décalage et aller à l'état 4
    ATTRIBUTEEND        décalage et aller à l'état 5
    CAMERA              décalage et aller à l'état 6
    CONCATTRANSFORM     décalage et aller à l'état 7
    COORDINATESYSTEM    décalage et aller à l'état 8
    COORDSYSTRANSFORM   décalage et aller à l'état 9
    FILM                décalage et aller à l'état 10
    IDENTITY            décalage et aller à l'état 11
    INCLUDE             décalage et aller à l'état 12
    LIGHTSOURCE         décalage et aller à l'état 13
    LOOKAT              décalage et aller à l'état 14
    MAKENAMEDMATERIAL   décalage et aller à l'état 15
    MAKENAMEDMEDIUM     décalage et aller à l'état 16
    MATERIAL            décalage et aller à l'état 17
    MEDIUMINTERFACE     décalage et aller à l'état 18
    NAMEDMATERIAL       décalage et aller à l'état 19
    OBJECTBEGIN         décalage et aller à l'état 20
    OBJECTEND           décalage et aller à l'état 21
    OBJECTINSTANCE      décalage et aller à l'état 22
    PIXELFILTER         décalage et aller à l'état 23
    REVERSEORIENTATION  décalage et aller à l'état 24
    ROTATE              décalage et aller à l'état 25
    SAMPLER             décalage et aller à l'état 26
    SCALE               décalage et aller à l'état 27
    SHAPE               décalage et aller à l'état 28
    INTEGRATOR          décalage et aller à l'état 29
    TEXTURE             décalage et aller à l'état 30
    TRANSFORMBEGIN      décalage et aller à l'état 31
    TRANSFORMEND        décalage et aller à l'état 32
    TRANSFORMTIMES      décalage et aller à l'état 33
    TRANSFORM           décalage et aller à l'état 34
    TRANSLATE           décalage et aller à l'état 35
    WORLDBEGIN          décalage et aller à l'état 36
    WORLDEND            décalage et aller à l'état 37

    start           aller à l'état 38
    pbrt_stmt_list  aller à l'état 39
    pbrt_stmt       aller à l'état 40


état 1

   26 pbrt_stmt: ACCELERATOR . STRING paramlist

    STRING  décalage et aller à l'état 41


état 2

   27 pbrt_stmt: ACTIVETRANSFORM . ALL
   28          | ACTIVETRANSFORM . ENDTIME
   29          | ACTIVETRANSFORM . STARTTIME

    ALL        décalage et aller à l'état 42
    ENDTIME    décalage et aller à l'état 43
    STARTTIME  décalage et aller à l'état 44


état 3

   30 pbrt_stmt: AREALIGHTSOURCE . STRING paramlist

    STRING  décalage et aller à l'état 45


état 4

   31 pbrt_stmt: ATTRIBUTEBEGIN .

    $défaut  réduction par utilisation de la règle 31 (pbrt_stmt)


état 5

   32 pbrt_stmt: ATTRIBUTEEND .

    $défaut  réduction par utilisation de la règle 32 (pbrt_stmt)


état 6

   33 pbrt_stmt: CAMERA . STRING paramlist

    STRING  décalage et aller à l'état 46


état 7

   34 pbrt_stmt: CONCATTRANSFORM . num_array

    $défaut  réduction par utilisation de la règle 2 (array_init)

    array_init                aller à l'état 47
    num_array                 aller à l'état 48
    single_element_num_array  aller à l'état 49


état 8

   35 pbrt_stmt: COORDINATESYSTEM . STRING

    STRING  décalage et aller à l'état 50


état 9

   36 pbrt_stmt: COORDSYSTRANSFORM . STRING

    STRING  décalage et aller à l'état 51


état 10

   37 pbrt_stmt: FILM . STRING paramlist

    STRING  décalage et aller à l'état 52


état 11

   38 pbrt_stmt: IDENTITY .

    $défaut  réduction par utilisation de la règle 38 (pbrt_stmt)


état 12

   39 pbrt_stmt: INCLUDE . STRING

    STRING  décalage et aller à l'état 53


état 13

   40 pbrt_stmt: LIGHTSOURCE . STRING paramlist

    STRING  décalage et aller à l'état 54


état 14

   41 pbrt_stmt: LOOKAT . NUM NUM NUM NUM NUM NUM NUM NUM NUM

    NUM  décalage et aller à l'état 55


état 15

   42 pbrt_stmt: MAKENAMEDMATERIAL . STRING paramlist

    STRING  décalage et aller à l'état 56


état 16

   43 pbrt_stmt: MAKENAMEDMEDIUM . STRING paramlist

    STRING  décalage et aller à l'état 57


état 17

   44 pbrt_stmt: MATERIAL . STRING paramlist

    STRING  décalage et aller à l'état 58


état 18

   45 pbrt_stmt: MEDIUMINTERFACE . STRING
   46          | MEDIUMINTERFACE . STRING STRING

    STRING  décalage et aller à l'état 59


état 19

   47 pbrt_stmt: NAMEDMATERIAL . STRING

    STRING  décalage et aller à l'état 60


état 20

   48 pbrt_stmt: OBJECTBEGIN . STRING

    STRING  décalage et aller à l'état 61


état 21

   49 pbrt_stmt: OBJECTEND .

    $défaut  réduction par utilisation de la règle 49 (pbrt_stmt)


état 22

   50 pbrt_stmt: OBJECTINSTANCE . STRING

    STRING  décalage et aller à l'état 62


état 23

   51 pbrt_stmt: PIXELFILTER . STRING paramlist

    STRING  décalage et aller à l'état 63


état 24

   52 pbrt_stmt: REVERSEORIENTATION .

    $défaut  réduction par utilisation de la règle 52 (pbrt_stmt)


état 25

   53 pbrt_stmt: ROTATE . NUM NUM NUM NUM

    NUM  décalage et aller à l'état 64


état 26

   54 pbrt_stmt: SAMPLER . STRING paramlist

    STRING  décalage et aller à l'état 65


état 27

   55 pbrt_stmt: SCALE . NUM NUM NUM

    NUM  décalage et aller à l'état 66


état 28

   56 pbrt_stmt: SHAPE . STRING paramlist

    STRING  décalage et aller à l'état 67


état 29

   57 pbrt_stmt: INTEGRATOR . STRING paramlist

    STRING  décalage et aller à l'état 68


état 30

   58 pbrt_stmt: TEXTURE . STRING STRING STRING paramlist

    STRING  décalage et aller à l'état 69


état 31

   59 pbrt_stmt: TRANSFORMBEGIN .

    $défaut  réduction par utilisation de la règle 59 (pbrt_stmt)


état 32

   60 pbrt_stmt: TRANSFORMEND .

    $défaut  réduction par utilisation de la règle 60 (pbrt_stmt)


état 33

   61 pbrt_stmt: TRANSFORMTIMES . NUM NUM

    NUM  décalage et aller à l'état 70


état 34

   62 pbrt_stmt: TRANSFORM . num_array

    $défaut  réduction par utilisation de la règle 2 (array_init)

    array_init                aller à l'état 47
    num_array                 aller à l'état 71
    single_element_num_array  aller à l'état 49


état 35

   63 pbrt_stmt: TRANSLATE . NUM NUM NUM

    NUM  décalage et aller à l'état 72


état 36

   64 pbrt_stmt: WORLDBEGIN .

    $défaut  réduction par utilisation de la règle 64 (pbrt_stmt)


état 37

   65 pbrt_stmt: WORLDEND .

    $défaut  réduction par utilisation de la règle 65 (pbrt_stmt)


état 38

    0 $accept: start . $end

    $end  décalage et aller à l'état 73


état 39

    1 start: pbrt_stmt_list .
   24 pbrt_stmt_list: pbrt_stmt_list . pbrt_stmt

    ACCELERATOR         décalage et aller à l'état 1
    ACTIVETRANSFORM     décalage et aller à l'état 2
    AREALIGHTSOURCE     décalage et aller à l'état 3
    ATTRIBUTEBEGIN      décalage et aller à l'état 4
    ATTRIBUTEEND        décalage et aller à l'état 5
    CAMERA              décalage et aller à l'état 6
    CONCATTRANSFORM     décalage et aller à l'état 7
    COORDINATESYSTEM    décalage et aller à l'état 8
    COORDSYSTRANSFORM   décalage et aller à l'état 9
    FILM                décalage et aller à l'état 10
    IDENTITY            décalage et aller à l'état 11
    INCLUDE             décalage et aller à l'état 12
    LIGHTSOURCE         décalage et aller à l'état 13
    LOOKAT              décalage et aller à l'état 14
    MAKENAMEDMATERIAL   décalage et aller à l'état 15
    MAKENAMEDMEDIUM     décalage et aller à l'état 16
    MATERIAL            décalage et aller à l'état 17
    MEDIUMINTERFACE     décalage et aller à l'état 18
    NAMEDMATERIAL       décalage et aller à l'état 19
    OBJECTBEGIN         décalage et aller à l'état 20
    OBJECTEND           décalage et aller à l'état 21
    OBJECTINSTANCE      décalage et aller à l'état 22
    PIXELFILTER         décalage et aller à l'état 23
    REVERSEORIENTATION  décalage et aller à l'état 24
    ROTATE              décalage et aller à l'état 25
    SAMPLER             décalage et aller à l'état 26
    SCALE               décalage et aller à l'état 27
    SHAPE               décalage et aller à l'état 28
    INTEGRATOR          décalage et aller à l'état 29
    TEXTURE             décalage et aller à l'état 30
    TRANSFORMBEGIN      décalage et aller à l'état 31
    TRANSFORMEND        décalage et aller à l'état 32
    TRANSFORMTIMES      décalage et aller à l'état 33
    TRANSFORM           décalage et aller à l'état 34
    TRANSLATE           décalage et aller à l'état 35
    WORLDBEGIN          décalage et aller à l'état 36
    WORLDEND            décalage et aller à l'état 37

    $défaut  réduction par utilisation de la règle 1 (start)

    pbrt_stmt  aller à l'état 74


état 40

   25 pbrt_stmt_list: pbrt_stmt .

    $défaut  réduction par utilisation de la règle 25 (pbrt_stmt_list)


état 41

   26 pbrt_stmt: ACCELERATOR STRING . paramlist

    $défaut  réduction par utilisation de la règle 20 (paramlist_init)

    paramlist       aller à l'état 75
    paramlist_init  aller à l'état 76


état 42

   27 pbrt_stmt: ACTIVETRANSFORM ALL .

    $défaut  réduction par utilisation de la règle 27 (pbrt_stmt)


état 43

   28 pbrt_stmt: ACTIVETRANSFORM ENDTIME .

    $défaut  réduction par utilisation de la règle 28 (pbrt_stmt)


état 44

   29 pbrt_stmt: ACTIVETRANSFORM STARTTIME .

    $défaut  réduction par utilisation de la règle 29 (pbrt_stmt)


état 45

   30 pbrt_stmt: AREALIGHTSOURCE STRING . paramlist

    $défaut  réduction par utilisation de la règle 20 (paramlist_init)

    paramlist       aller à l'état 77
    paramlist_init  aller à l'état 76


état 46

   33 pbrt_stmt: CAMERA STRING . paramlist

    $défaut  réduction par utilisation de la règle 20 (paramlist_init)

    paramlist       aller à l'état 78
    paramlist_init  aller à l'état 76


état 47

   13 num_array: array_init . LBRACK num_list RBRACK
   15 single_element_num_array: array_init . num_list_entry

    LBRACK  décalage et aller à l'état 79

    $défaut  réduction par utilisation de la règle 4 (num_array_init)

    num_array_init  aller à l'état 80
    num_list_entry  aller à l'état 81


état 48

   34 pbrt_stmt: CONCATTRANSFORM num_array .

    $défaut  réduction par utilisation de la règle 34 (pbrt_stmt)


état 49

   14 num_array: single_element_num_array .

    $défaut  réduction par utilisation de la règle 14 (num_array)


état 50

   35 pbrt_stmt: COORDINATESYSTEM STRING .

    $défaut  réduction par utilisation de la règle 35 (pbrt_stmt)


état 51

   36 pbrt_stmt: COORDSYSTRANSFORM STRING .

    $défaut  réduction par utilisation de la règle 36 (pbrt_stmt)


état 52

   37 pbrt_stmt: FILM STRING . paramlist

    $défaut  réduction par utilisation de la règle 20 (paramlist_init)

    paramlist       aller à l'état 82
    paramlist_init  aller à l'état 76


état 53

   39 pbrt_stmt: INCLUDE STRING .

    $défaut  réduction par utilisation de la règle 39 (pbrt_stmt)


état 54

   40 pbrt_stmt: LIGHTSOURCE STRING . paramlist

    $défaut  réduction par utilisation de la règle 20 (paramlist_init)

    paramlist       aller à l'état 83
    paramlist_init  aller à l'état 76


état 55

   41 pbrt_stmt: LOOKAT NUM . NUM NUM NUM NUM NUM NUM NUM NUM

    NUM  décalage et aller à l'état 84


état 56

   42 pbrt_stmt: MAKENAMEDMATERIAL STRING . paramlist

    $défaut  réduction par utilisation de la règle 20 (paramlist_init)

    paramlist       aller à l'état 85
    paramlist_init  aller à l'état 76


état 57

   43 pbrt_stmt: MAKENAMEDMEDIUM STRING . paramlist

    $défaut  réduction par utilisation de la règle 20 (paramlist_init)

    paramlist       aller à l'état 86
    paramlist_init  aller à l'état 76


état 58

   44 pbrt_stmt: MATERIAL STRING . paramlist

    $défaut  réduction par utilisation de la règle 20 (paramlist_init)

    paramlist       aller à l'état 87
    paramlist_init  aller à l'état 76


état 59

   45 pbrt_stmt: MEDIUMINTERFACE STRING .
   46          | MEDIUMINTERFACE STRING . STRING

    STRING  décalage et aller à l'état 88

    $défaut  réduction par utilisation de la règle 45 (pbrt_stmt)


état 60

   47 pbrt_stmt: NAMEDMATERIAL STRING .

    $défaut  réduction par utilisation de la règle 47 (pbrt_stmt)


état 61

   48 pbrt_stmt: OBJECTBEGIN STRING .

    $défaut  réduction par utilisation de la règle 48 (pbrt_stmt)


état 62

   50 pbrt_stmt: OBJECTINSTANCE STRING .

    $défaut  réduction par utilisation de la règle 50 (pbrt_stmt)


état 63

   51 pbrt_stmt: PIXELFILTER STRING . paramlist

    $défaut  réduction par utilisation de la règle 20 (paramlist_init)

    paramlist       aller à l'état 89
    paramlist_init  aller à l'état 76


état 64

   53 pbrt_stmt: ROTATE NUM . NUM NUM NUM

    NUM  décalage et aller à l'état 90


état 65

   54 pbrt_stmt: SAMPLER STRING . paramlist

    $défaut  réduction par utilisation de la règle 20 (paramlist_init)

    paramlist       aller à l'état 91
    paramlist_init  aller à l'état 76


état 66

   55 pbrt_stmt: SCALE NUM . NUM NUM

    NUM  décalage et aller à l'état 92


état 67

   56 pbrt_stmt: SHAPE STRING . paramlist

    $défaut  réduction par utilisation de la règle 20 (paramlist_init)

    paramlist       aller à l'état 93
    paramlist_init  aller à l'état 76


état 68

   57 pbrt_stmt: INTEGRATOR STRING . paramlist

    $défaut  réduction par utilisation de la règle 20 (paramlist_init)

    paramlist       aller à l'état 94
    paramlist_init  aller à l'état 76


état 69

   58 pbrt_stmt: TEXTURE STRING . STRING STRING paramlist

    STRING  décalage et aller à l'état 95


état 70

   61 pbrt_stmt: TRANSFORMTIMES NUM . NUM

    NUM  décalage et aller à l'état 96


état 71

   62 pbrt_stmt: TRANSFORM num_array .

    $défaut  réduction par utilisation de la règle 62 (pbrt_stmt)


état 72

   63 pbrt_stmt: TRANSLATE NUM . NUM NUM

    NUM  décalage et aller à l'état 97


état 73

    0 $accept: start $end .

    $défaut  accepter


état 74

   24 pbrt_stmt_list: pbrt_stmt_list pbrt_stmt .

    $défaut  réduction par utilisation de la règle 24 (pbrt_stmt_list)


état 75

   26 pbrt_stmt: ACCELERATOR STRING paramlist .

    $défaut  réduction par utilisation de la règle 26 (pbrt_stmt)


état 76

   19 paramlist: paramlist_init . paramlist_contents

    STRING  décalage et aller à l'état 98

    $défaut  réduction par utilisation de la règle 22 (paramlist_contents)

    paramlist_contents  aller à l'état 99
    paramlist_entry     aller à l'état 100


état 77

   30 pbrt_stmt: AREALIGHTSOURCE STRING paramlist .

    $défaut  réduction par utilisation de la règle 30 (pbrt_stmt)


état 78

   33 pbrt_stmt: CAMERA STRING paramlist .

    $défaut  réduction par utilisation de la règle 33 (pbrt_stmt)


état 79

   13 num_array: array_init LBRACK . num_list RBRACK

    $défaut  réduction par utilisation de la règle 4 (num_array_init)

    num_array_init  aller à l'état 80
    num_list        aller à l'état 101
    num_list_entry  aller à l'état 102


état 80

   18 num_list_entry: num_array_init . NUM

    NUM  décalage et aller à l'état 103


état 81

   15 single_element_num_array: array_init num_list_entry .

    $défaut  réduction par utilisation de la règle 15 (single_element_num_array)


état 82

   37 pbrt_stmt: FILM STRING paramlist .

    $défaut  réduction par utilisation de la règle 37 (pbrt_stmt)


état 83

   40 pbrt_stmt: LIGHTSOURCE STRING paramlist .

    $défaut  réduction par utilisation de la règle 40 (pbrt_stmt)


état 84

   41 pbrt_stmt: LOOKAT NUM NUM . NUM NUM NUM NUM NUM NUM NUM

    NUM  décalage et aller à l'état 104


état 85

   42 pbrt_stmt: MAKENAMEDMATERIAL STRING paramlist .

    $défaut  réduction par utilisation de la règle 42 (pbrt_stmt)


état 86

   43 pbrt_stmt: MAKENAMEDMEDIUM STRING paramlist .

    $défaut  réduction par utilisation de la règle 43 (pbrt_stmt)


état 87

   44 pbrt_stmt: MATERIAL STRING paramlist .

    $défaut  réduction par utilisation de la règle 44 (pbrt_stmt)


état 88

   46 pbrt_stmt: MEDIUMINTERFACE STRING STRING .

    $défaut  réduction par utilisation de la règle 46 (pbrt_stmt)


état 89

   51 pbrt_stmt: PIXELFILTER STRING paramlist .

    $défaut  réduction par utilisation de la règle 51 (pbrt_stmt)


état 90

   53 pbrt_stmt: ROTATE NUM NUM . NUM NUM

    NUM  décalage et aller à l'état 105


état 91

   54 pbrt_stmt: SAMPLER STRING paramlist .

    $défaut  réduction par utilisation de la règle 54 (pbrt_stmt)


état 92

   55 pbrt_stmt: SCALE NUM NUM . NUM

    NUM  décalage et aller à l'état 106


état 93

   56 pbrt_stmt: SHAPE STRING paramlist .

    $défaut  réduction par utilisation de la règle 56 (pbrt_stmt)


état 94

   57 pbrt_stmt: INTEGRATOR STRING paramlist .

    $défaut  réduction par utilisation de la règle 57 (pbrt_stmt)


état 95

   58 pbrt_stmt: TEXTURE STRING STRING . STRING paramlist

    STRING  décalage et aller à l'état 107


état 96

   61 pbrt_stmt: TRANSFORMTIMES NUM NUM .

    $défaut  réduction par utilisation de la règle 61 (pbrt_stmt)


état 97

   63 pbrt_stmt: TRANSLATE NUM NUM . NUM

    NUM  décalage et aller à l'état 108


état 98

   23 paramlist_entry: STRING . array

    $défaut  réduction par utilisation de la règle 2 (array_init)

    array_init                   aller à l'état 109
    array                        aller à l'état 110
    string_array                 aller à l'état 111
    single_element_string_array  aller à l'état 112
    num_array                    aller à l'état 113
    single_element_num_array     aller à l'état 49


état 99

   19 paramlist: paramlist_init paramlist_contents .

    $défaut  réduction par utilisation de la règle 19 (paramlist)


état 100

   21 paramlist_contents: paramlist_entry . paramlist_contents

    STRING  décalage et aller à l'état 98

    $défaut  réduction par utilisation de la règle 22 (paramlist_contents)

    paramlist_contents  aller à l'état 114
    paramlist_entry     aller à l'état 100


état 101

   13 num_array: array_init LBRACK num_list . RBRACK
   16 num_list: num_list . num_list_entry

    RBRACK  décalage et aller à l'état 115

    $défaut  réduction par utilisation de la règle 4 (num_array_init)

    num_array_init  aller à l'état 80
    num_list_entry  aller à l'état 116


état 102

   17 num_list: num_list_entry .

    $défaut  réduction par utilisation de la règle 17 (num_list)


état 103

   18 num_list_entry: num_array_init NUM .

    $défaut  réduction par utilisation de la règle 18 (num_list_entry)


état 104

   41 pbrt_stmt: LOOKAT NUM NUM NUM . NUM NUM NUM NUM NUM NUM

    NUM  décalage et aller à l'état 117


état 105

   53 pbrt_stmt: ROTATE NUM NUM NUM . NUM

    NUM  décalage et aller à l'état 118


état 106

   55 pbrt_stmt: SCALE NUM NUM NUM .

    $défaut  réduction par utilisation de la règle 55 (pbrt_stmt)


état 107

   58 pbrt_stmt: TEXTURE STRING STRING STRING . paramlist

    $défaut  réduction par utilisation de la règle 20 (paramlist_init)

    paramlist       aller à l'état 119
    paramlist_init  aller à l'état 76


état 108

   63 pbrt_stmt: TRANSLATE NUM NUM NUM .

    $défaut  réduction par utilisation de la règle 63 (pbrt_stmt)


état 109

    7 string_array: array_init . LBRACK string_list RBRACK
    9 single_element_string_array: array_init . string_list_entry
   13 num_array: array_init . LBRACK num_list RBRACK
   15 single_element_num_array: array_init . num_list_entry

    LBRACK  décalage et aller à l'état 120

    NUM       réduction par utilisation de la règle 4 (num_array_init)
    $défaut  réduction par utilisation de la règle 3 (string_array_init)

    string_array_init  aller à l'état 121
    num_array_init     aller à l'état 80
    string_list_entry  aller à l'état 122
    num_list_entry     aller à l'état 81


état 110

   23 paramlist_entry: STRING array .

    $défaut  réduction par utilisation de la règle 23 (paramlist_entry)


état 111

    5 array: string_array .

    $défaut  réduction par utilisation de la règle 5 (array)


état 112

    8 string_array: single_element_string_array .

    $défaut  réduction par utilisation de la règle 8 (string_array)


état 113

    6 array: num_array .

    $défaut  réduction par utilisation de la règle 6 (array)


état 114

   21 paramlist_contents: paramlist_entry paramlist_contents .

    $défaut  réduction par utilisation de la règle 21 (paramlist_contents)


état 115

   13 num_array: array_init LBRACK num_list RBRACK .

    $défaut  réduction par utilisation de la règle 13 (num_array)


état 116

   16 num_list: num_list num_list_entry .

    $défaut  réduction par utilisation de la règle 16 (num_list)


état 117

   41 pbrt_stmt: LOOKAT NUM NUM NUM NUM . NUM NUM NUM NUM NUM

    NUM  décalage et aller à l'état 123


état 118

   53 pbrt_stmt: ROTATE NUM NUM NUM NUM .

    $défaut  réduction par utilisation de la règle 53 (pbrt_stmt)


état 119

   58 pbrt_stmt: TEXTURE STRING STRING STRING paramlist .

    $défaut  réduction par utilisation de la règle 58 (pbrt_stmt)


état 120

    7 string_array: array_init LBRACK . string_list RBRACK
   13 num_array: array_init LBRACK . num_list RBRACK

    NUM       réduction par utilisation de la règle 4 (num_array_init)
    $défaut  réduction par utilisation de la règle 3 (string_array_init)

    string_array_init  aller à l'état 121
    num_array_init     aller à l'état 80
    string_list        aller à l'état 124
    string_list_entry  aller à l'état 125
    num_list           aller à l'état 101
    num_list_entry     aller à l'état 102


état 121

   12 string_list_entry: string_array_init . STRING

    STRING  décalage et aller à l'état 126


état 122

    9 single_element_string_array: array_init string_list_entry .

    $défaut  réduction par utilisation de la règle 9 (single_element_string_array)


état 123

   41 pbrt_stmt: LOOKAT NUM NUM NUM NUM NUM . NUM NUM NUM NUM

    NUM  décalage et aller à l'état 127


état 124

    7 string_array: array_init LBRACK string_list . RBRACK
   10 string_list: string_list . string_list_entry

    RBRACK  décalage et aller à l'état 128

    $défaut  réduction par utilisation de la règle 3 (string_array_init)

    string_array_init  aller à l'état 121
    string_list_entry  aller à l'état 129


état 125

   11 string_list: string_list_entry .

    $défaut  réduction par utilisation de la règle 11 (string_list)


état 126

   12 string_list_entry: string_array_init STRING .

    $défaut  réduction par utilisation de la règle 12 (string_list_entry)


état 127

   41 pbrt_stmt: LOOKAT NUM NUM NUM NUM NUM NUM . NUM NUM NUM

    NUM  décalage et aller à l'état 130


état 128

    7 string_array: array_init LBRACK string_list RBRACK .

    $défaut  réduction par utilisation de la règle 7 (string_array)


état 129

   10 string_list: string_list string_list_entry .

    $défaut  réduction par utilisation de la règle 10 (string_list)


état 130

   41 pbrt_stmt: LOOKAT NUM NUM NUM NUM NUM NUM NUM . NUM NUM

    NUM  décalage et aller à l'état 131


état 131

   41 pbrt_stmt: LOOKAT NUM NUM NUM NUM NUM NUM NUM NUM . NUM

    NUM  décalage et aller à l'état 132


état 132

   41 pbrt_stmt: LOOKAT NUM NUM NUM NUM NUM NUM NUM NUM NUM .

    $défaut  réduction par utilisation de la règle 41 (pbrt_stmt)
